Log file open, 06/25/18 15:08:23
LogWindows: Failed to load 'aqProf.dll' (GetLastError=126)
LogWindows: File 'aqProf.dll' does not exist
LogWindows: Failed to load 'VtuneApi.dll' (GetLastError=126)
LogWindows: File 'VtuneApi.dll' does not exist
LogWindows: Failed to load 'VtuneApi32e.dll' (GetLastError=126)
LogWindows: File 'VtuneApi32e.dll' does not exist
LogInit: Display: Running engine for game: VelocityWild
LogPlatformFile: Not using cached read wrapper
LogInit: Display: RandInit(-1945206539) SRandInit(-1945206539).
LogInit: Read version file with build ID '3944462'
LogInit: Overriding engine version to CL 4033788, compatible CL 3944462
LogInit: Registered custom module enumerator with build ID '3944462'
LogTaskGraph: Started task graph with 5 named threads and 23 total threads with 3 sets of task threads.
LogStats: Stats thread started at 0.294306
LogD3D11RHI: Aftermath initialized
LogICUInternationalization: Display: ICU TimeZone Detection - Raw Offset: -8:00, Platform Override: ''
LogModuleManager: Display: Found up-to-date module file ../../../Engine/Plugins/Runtime/PhysXVehicles/Binaries/Win64/UE4Editor-PhysXVehicles.dll (API version 3944462).
LogModuleManager: Display: Found up-to-date module file ../../../Engine/Plugins/Runtime/PhysXVehicles/Binaries/Win64/UE4Editor-PhysXVehiclesEditor.dll (API version 3944462).
LogModuleManager: Display: Found up-to-date module file ../../../Engine/Plugins/Experimental/RawInput/Binaries/Win64/UE4Editor-RawInput.dll (API version 3944462).
LogModuleManager: Display: Found up-to-date module file ../../../Engine/Plugins/2D/Paper2D/Binaries/Win64/UE4Editor-Paper2D.dll (API version 3944462).
LogModuleManager: Display: Found up-to-date module file ../../../Engine/Plugins/2D/Paper2D/Binaries/Win64/UE4Editor-Paper2DEditor.dll (API version 3944462).
LogModuleManager: Display: Found up-to-date module file ../../../Engine/Plugins/2D/Paper2D/Binaries/Win64/UE4Editor-PaperSpriteSheetImporter.dll (API version 3944462).
LogModuleManager: Display: Found up-to-date module file ../../../Engine/Plugins/2D/Paper2D/Binaries/Win64/UE4Editor-PaperTiledImporter.dll (API version 3944462).
LogModuleManager: Display: Found up-to-date module file ../../../Engine/Plugins/2D/Paper2D/Binaries/Win64/UE4Editor-SmartSnapping.dll (API version 3944462).
LogModuleManager: Display: Found up-to-date module file ../../../Engine/Plugins/Blendables/LightPropagationVolume/Binaries/Win64/UE4Editor-LightPropagationVolumeRuntime.dll (API version 3944462).
LogModuleManager: Display: Found up-to-date module file ../../../Engine/Plugins/Blendables/LightPropagationVolume/Binaries/Win64/UE4Editor-LightPropagationVolumeEditor.dll (API version 3944462).
LogModuleManager: Display: Found up-to-date module file ../../../Engine/Plugins/Developer/CLionSourceCodeAccess/Binaries/Win64/UE4Editor-CLionSourceCodeAccess.dll (API version 3944462).
LogModuleManager: Display: Found up-to-date module file ../../../Engine/Plugins/Developer/GitSourceControl/Binaries/Win64/UE4Editor-GitSourceControl.dll (API version 3944462).
LogModuleManager: Display: Found up-to-date module file ../../../Engine/Plugins/Developer/PerforceSourceControl/Binaries/Win64/UE4Editor-PerforceSourceControl.dll (API version 3944462).
LogModuleManager: Display: Found up-to-date module file ../../../Engine/Plugins/Developer/SubversionSourceControl/Binaries/Win64/UE4Editor-SubversionSourceControl.dll (API version 3944462).
LogModuleManager: Display: Found up-to-date module file ../../../Engine/Plugins/Developer/UObjectPlugin/Binaries/Win64/UE4Editor-UObjectPlugin.dll (API version 3944462).
LogModuleManager: Display: Found up-to-date module file ../../../Engine/Plugins/Developer/VisualStudioCodeSourceCodeAccess/Binaries/Win64/UE4Editor-VisualStudioCodeSourceCodeAccess.dll (API version 3944462).
LogModuleManager: Display: Found up-to-date module file ../../../Engine/Plugins/Developer/VisualStudioSourceCodeAccess/Binaries/Win64/UE4Editor-VisualStudioSourceCodeAccess.dll (API version 3944462).
LogModuleManager: Display: Found up-to-date module file ../../../Engine/Plugins/Editor/AssetManagerEditor/Binaries/Win64/UE4Editor-AssetManagerEditor.dll (API version 3944462).
LogModuleManager: Display: Found up-to-date module file ../../../Engine/Plugins/Editor/CryptoKeys/Binaries/Win64/UE4Editor-CryptoKeys.dll (API version 3944462).
LogModuleManager: Display: Found up-to-date module file ../../../Engine/Plugins/Editor/CryptoKeys/Binaries/Win64/UE4Editor-CryptoKeysOpenSSL.dll (API version 3944462).
LogModuleManager: Display: Found up-to-date module file ../../../Engine/Plugins/Editor/DataValidation/Binaries/Win64/UE4Editor-DataValidation.dll (API version 3944462).
LogModuleManager: Display: Found up-to-date module file ../../../Engine/Plugins/Editor/FacialAnimation/Binaries/Win64/UE4Editor-FacialAnimation.dll (API version 3944462).
LogModuleManager: Display: Found up-to-date module file ../../../Engine/Plugins/Editor/FacialAnimation/Binaries/Win64/UE4Editor-FacialAnimationEditor.dll (API version 3944462).
LogModuleManager: Display: Found up-to-date module file ../../../Engine/Plugins/Editor/GameplayTagsEditor/Binaries/Win64/UE4Editor-GameplayTagsEditor.dll (API version 3944462).
LogModuleManager: Display: Found up-to-date module file ../../../Engine/Plugins/Editor/MobileLauncherProfileWizard/Binaries/Win64/UE4Editor-MobileLauncherProfileWizard.dll (API version 3944462).
LogModuleManager: Display: Found up-to-date module file ../../../Engine/Plugins/Editor/PluginBrowser/Binaries/Win64/UE4Editor-PluginBrowser.dll (API version 3944462).
LogModuleManager: Display: Found up-to-date module file ../../../Engine/Plugins/Editor/SpeedTreeImporter/Binaries/Win64/UE4Editor-SpeedTreeImporter.dll (API version 3944462).
LogModuleManager: Display: Found up-to-date module file ../../../Engine/Plugins/Enterprise/DatasmithContent/Binaries/Win64/UE4Editor-DatasmithContent.dll (API version 3944462).
LogModuleManager: Display: Found up-to-date module file ../../../Engine/Plugins/Experimental/AlembicImporter/Binaries/Win64/UE4Editor-AlembicImporter.dll (API version 3944462).
LogModuleManager: Display: Found up-to-date module file ../../../Engine/Plugins/Experimental/AlembicImporter/Binaries/Win64/UE4Editor-AlembicLibrary.dll (API version 3944462).
LogModuleManager: Display: Found up-to-date module file ../../../Engine/Plugins/Experimental/CharacterAI/Binaries/Win64/UE4Editor-CharacterAI.dll (API version 3944462).
LogModuleManager: Display: Found up-to-date module file ../../../Engine/Plugins/Experimental/HTML5Networking/Binaries/Win64/UE4Editor-HTML5Networking.dll (API version 3944462).
LogModuleManager: Display: Found up-to-date module file ../../../Engine/Plugins/Media/AndroidMedia/Binaries/Win64/UE4Editor-AndroidMediaEditor.dll (API version 3944462).
LogModuleManager: Display: Found up-to-date module file ../../../Engine/Plugins/Media/AndroidMedia/Binaries/Win64/UE4Editor-AndroidMediaFactory.dll (API version 3944462).
LogModuleManager: Display: Found up-to-date module file ../../../Engine/Plugins/Media/AvfMedia/Binaries/Win64/UE4Editor-AvfMediaEditor.dll (API version 3944462).
LogModuleManager: Display: Found up-to-date module file ../../../Engine/Plugins/Media/AvfMedia/Binaries/Win64/UE4Editor-AvfMediaFactory.dll (API version 3944462).
LogModuleManager: Display: Found up-to-date module file ../../../Engine/Plugins/Media/AvfMedia/Binaries/Win64/UE4Editor-AvfMediaFactory.dll (API version 3944462).
LogModuleManager: Display: Found up-to-date module file ../../../Engine/Plugins/Media/ImgMedia/Binaries/Win64/UE4Editor-ImgMedia.dll (API version 3944462).
LogModuleManager: Display: Found up-to-date module file ../../../Engine/Plugins/Media/ImgMedia/Binaries/Win64/UE4Editor-ImgMediaEditor.dll (API version 3944462).
LogModuleManager: Display: Found up-to-date module file ../../../Engine/Plugins/Media/ImgMedia/Binaries/Win64/UE4Editor-ImgMediaFactory.dll (API version 3944462).
LogModuleManager: Display: Found up-to-date module file ../../../Engine/Plugins/Media/ImgMedia/Binaries/Win64/UE4Editor-ImgMediaFactory.dll (API version 3944462).
LogModuleManager: Display: Found up-to-date module file ../../../Engine/Plugins/Media/ImgMedia/Binaries/Win64/UE4Editor-OpenExrWrapper.dll (API version 3944462).
LogModuleManager: Display: Found up-to-date module file ../../../Engine/Plugins/Media/LinearTimecode/Binaries/Win64/UE4Editor-LinearTimecode.dll (API version 3944462).
LogModuleManager: Display: Found up-to-date module file ../../../Engine/Plugins/Media/MediaCompositing/Binaries/Win64/UE4Editor-MediaCompositing.dll (API version 3944462).
LogModuleManager: Display: Found up-to-date module file ../../../Engine/Plugins/Media/MediaCompositing/Binaries/Win64/UE4Editor-MediaCompositingEditor.dll (API version 3944462).
LogModuleManager: Display: Found up-to-date module file ../../../Engine/Plugins/Media/MediaPlayerEditor/Binaries/Win64/UE4Editor-MediaPlayerEditor.dll (API version 3944462).
LogModuleManager: Display: Found up-to-date module file ../../../Engine/Plugins/Media/WmfMedia/Binaries/Win64/UE4Editor-WmfMedia.dll (API version 3944462).
LogModuleManager: Display: Found up-to-date module file ../../../Engine/Plugins/Media/WmfMedia/Binaries/Win64/UE4Editor-WmfMediaEditor.dll (API version 3944462).
LogModuleManager: Display: Found up-to-date module file ../../../Engine/Plugins/Media/WmfMedia/Binaries/Win64/UE4Editor-WmfMediaFactory.dll (API version 3944462).
LogModuleManager: Display: Found up-to-date module file ../../../Engine/Plugins/Media/WmfMedia/Binaries/Win64/UE4Editor-WmfMediaFactory.dll (API version 3944462).
LogModuleManager: Display: Found up-to-date module file ../../../Engine/Plugins/Messaging/TcpMessaging/Binaries/Win64/UE4Editor-TcpMessaging.dll (API version 3944462).
LogModuleManager: Display: Found up-to-date module file ../../../Engine/Plugins/Messaging/UdpMessaging/Binaries/Win64/UE4Editor-UdpMessaging.dll (API version 3944462).
LogModuleManager: Display: Found up-to-date module file ../../../Engine/Plugins/MovieScene/ActorSequence/Binaries/Win64/UE4Editor-ActorSequence.dll (API version 3944462).
LogModuleManager: Display: Found up-to-date module file ../../../Engine/Plugins/MovieScene/LevelSequenceEditor/Binaries/Win64/UE4Editor-LevelSequenceEditor.dll (API version 3944462).
LogModuleManager: Display: Found up-to-date module file ../../../Engine/Plugins/MovieScene/MatineeToLevelSequence/Binaries/Win64/UE4Editor-MatineeToLevelSequence.dll (API version 3944462).
LogModuleManager: Display: Found up-to-date module file ../../../Engine/Plugins/NetcodeUnitTest/NetcodeUnitTest/Binaries/Win64/UE4Editor-NetcodeUnitTest.dll (API version 3944462).
LogModuleManager: Display: Found up-to-date module file ../../../Engine/Plugins/NetcodeUnitTest/NUTUnrealEngine4/Binaries/Win64/UE4Editor-NUTUnrealEngine4.dll (API version 3944462).
LogModuleManager: Display: Found up-to-date module file ../../../Engine/Plugins/Online/OnlineSubsystem/Binaries/Win64/UE4Editor-OnlineSubsystem.dll (API version 3944462).
LogModuleManager: Display: Found up-to-date module file ../../../Engine/Plugins/Runtime/AndroidPermission/Binaries/Win64/UE4Editor-AndroidPermission.dll (API version 3944462).
LogModuleManager: Display: Found up-to-date module file ../../../Engine/Plugins/Online/OnlineSubsystemNull/Binaries/Win64/UE4Editor-OnlineSubsystemNull.dll (API version 3944462).
LogModuleManager: Display: Found up-to-date module file ../../../Engine/Plugins/Online/OnlineSubsystemUtils/Binaries/Win64/UE4Editor-OnlineSubsystemUtils.dll (API version 3944462).
LogModuleManager: Display: Found up-to-date module file ../../../Engine/Plugins/Online/OnlineSubsystemUtils/Binaries/Win64/UE4Editor-OnlineBlueprintSupport.dll (API version 3944462).
LogModuleManager: Display: Found up-to-date module file ../../../Engine/Plugins/Runtime/AndroidDeviceProfileSelector/Binaries/Win64/UE4Editor-AndroidDeviceProfileSelector.dll (API version 3944462).
LogModuleManager: Display: Found up-to-date module file ../../../Engine/Plugins/Runtime/AppleARKit/Binaries/Win64/UE4Editor-AppleARKit.dll (API version 3944462).
LogModuleManager: Display: Found up-to-date module file ../../../Engine/Plugins/Runtime/ProceduralMeshComponent/Binaries/Win64/UE4Editor-ProceduralMeshComponent.dll (API version 3944462).
LogModuleManager: Display: Found up-to-date module file ../../../Engine/Plugins/Runtime/ProceduralMeshComponent/Binaries/Win64/UE4Editor-ProceduralMeshComponentEditor.dll (API version 3944462).
LogModuleManager: Display: Found up-to-date module file ../../../Engine/Plugins/Animation/LiveLink/Binaries/Win64/UE4Editor-LiveLink.dll (API version 3944462).
LogModuleManager: Display: Found up-to-date module file ../../../Engine/Plugins/Animation/LiveLink/Binaries/Win64/UE4Editor-LiveLinkEditor.dll (API version 3944462).
LogModuleManager: Display: Found up-to-date module file ../../../Engine/Plugins/Runtime/ArchVisCharacter/Binaries/Win64/UE4Editor-ArchVisCharacter.dll (API version 3944462).
LogModuleManager: Display: Found up-to-date module file ../../../Engine/Plugins/Runtime/AudioCapture/Binaries/Win64/UE4Editor-AudioCapture.dll (API version 3944462).
LogModuleManager: Display: Found up-to-date module file ../../../Engine/Plugins/Runtime/AudioCapture/Binaries/Win64/UE4Editor-AudioCaptureEditor.dll (API version 3944462).
LogModuleManager: Display: Found up-to-date module file ../../../Engine/Plugins/Runtime/CableComponent/Binaries/Win64/UE4Editor-CableComponent.dll (API version 3944462).
LogModuleManager: Display: Found up-to-date module file ../../../Engine/Plugins/Runtime/CustomMeshComponent/Binaries/Win64/UE4Editor-CustomMeshComponent.dll (API version 3944462).
LogModuleManager: Display: Found up-to-date module file ../../../Engine/Plugins/Runtime/ExampleDeviceProfileSelector/Binaries/Win64/UE4Editor-ExampleDeviceProfileSelector.dll (API version 3944462).
LogModuleManager: Display: Found up-to-date module file ../../../Engine/Plugins/Runtime/ImmediatePhysics/Binaries/Win64/UE4Editor-ImmediatePhysics.dll (API version 3944462).
LogModuleManager: Display: Found up-to-date module file ../../../Engine/Plugins/Runtime/ImmediatePhysics/Binaries/Win64/UE4Editor-ImmediatePhysicsEditor.dll (API version 3944462).
LogModuleManager: Display: Found up-to-date module file ../../../Engine/Plugins/Runtime/LocationServicesBPLibrary/Binaries/Win64/UE4Editor-LocationServicesBPLibrary.dll (API version 3944462).
LogModuleManager: Display: Found up-to-date module file ../../../Engine/Plugins/Runtime/MobilePatchingUtils/Binaries/Win64/UE4Editor-MobilePatchingUtils.dll (API version 3944462).
LogModuleManager: Display: Found up-to-date module file ../../../Engine/Plugins/Runtime/Oculus/OculusVR/Binaries/Win64/UE4Editor-OculusHMD.dll (API version 3944462).
LogModuleManager: Display: Found up-to-date module file ../../../Engine/Plugins/Runtime/Oculus/OculusVR/Binaries/Win64/UE4Editor-OculusInput.dll (API version 3944462).
LogModuleManager: Display: Found up-to-date module file ../../../Engine/Plugins/Runtime/Oculus/OculusVR/Binaries/Win64/UE4Editor-OculusEditor.dll (API version 3944462).
LogModuleManager: Display: Found up-to-date module file ../../../Engine/Plugins/Runtime/RuntimePhysXCooking/Binaries/Win64/UE4Editor-RuntimePhysXCooking.dll (API version 3944462).
LogModuleManager: Display: Found up-to-date module file ../../../Engine/Plugins/Runtime/Steam/SteamVR/Binaries/Win64/UE4Editor-SteamVR.dll (API version 3944462).
LogModuleManager: Display: Found up-to-date module file ../../../Engine/Plugins/Runtime/Steam/SteamVR/Binaries/Win64/UE4Editor-SteamVRController.dll (API version 3944462).
LogModuleManager: Display: Found up-to-date module file ../../../Engine/Plugins/Runtime/WindowsMoviePlayer/Binaries/Win64/UE4Editor-WindowsMoviePlayer.dll (API version 3944462).
LogPluginManager: Mounting plugin Paper2D
LogPluginManager: Mounting plugin LiveLink
LogPluginManager: Mounting plugin LightPropagationVolume
LogPluginManager: Mounting plugin CLionSourceCodeAccess
LogPluginManager: Mounting plugin CodeLiteSourceCodeAccess
LogPluginManager: Mounting plugin GitSourceControl
LogPluginManager: Mounting plugin KDevelopSourceCodeAccess
LogPluginManager: Mounting plugin NullSourceCodeAccess
LogPluginManager: Mounting plugin PerforceSourceControl
LogPluginManager: Mounting plugin SubversionSourceControl
LogPluginManager: Mounting plugin UObjectPlugin
LogPluginManager: Mounting plugin VisualStudioCodeSourceCodeAccess
LogPluginManager: Mounting plugin VisualStudioSourceCodeAccess
LogPluginManager: Mounting plugin XCodeSourceCodeAccess
LogPluginManager: Mounting plugin AssetManagerEditor
LogPluginManager: Mounting plugin CryptoKeys
LogPluginManager: Mounting plugin DataValidation
LogPluginManager: Mounting plugin FacialAnimation
LogPluginManager: Mounting plugin GameplayTagsEditor
LogPluginManager: Mounting plugin MobileLauncherProfileWizard
LogPluginManager: Mounting plugin PluginBrowser
LogPluginManager: Mounting plugin SpeedTreeImporter
LogPluginManager: Mounting plugin DatasmithContent
LogPluginManager: Mounting plugin AlembicImporter
LogPluginManager: Mounting plugin CharacterAI
LogPluginManager: Mounting plugin HTML5Networking
LogPluginManager: Mounting plugin RawInput
LogPluginManager: Mounting plugin AndroidMedia
LogPluginManager: Mounting plugin AvfMedia
LogPluginManager: Mounting plugin ImgMedia
LogPluginManager: Mounting plugin LinearTimecode
LogPluginManager: Mounting plugin MediaCompositing
LogPluginManager: Mounting plugin MediaPlayerEditor
LogPluginManager: Mounting plugin WmfMedia
LogPluginManager: Mounting plugin TcpMessaging
LogPluginManager: Mounting plugin UdpMessaging
LogPluginManager: Mounting plugin ActorSequence
LogPluginManager: Mounting plugin LevelSequenceEditor
LogPluginManager: Mounting plugin MatineeToLevelSequence
LogPluginManager: Mounting plugin NetcodeUnitTest
LogPluginManager: Mounting plugin NUTUnrealEngine4
LogPluginManager: Mounting plugin OnlineSubsystemGooglePlay
LogPluginManager: Mounting plugin OnlineSubsystemIOS
LogPluginManager: Mounting plugin OnlineSubsystem
LogPluginManager: Mounting plugin OnlineSubsystemNull
LogPluginManager: Mounting plugin OnlineSubsystemUtils
LogPluginManager: Mounting plugin AndroidDeviceProfileSelector
LogPluginManager: Mounting plugin AndroidMoviePlayer
LogPluginManager: Mounting plugin AndroidPermission
LogPluginManager: Mounting plugin AppleARKit
LogPluginManager: Mounting plugin AppleMoviePlayer
LogPluginManager: Mounting plugin ArchVisCharacter
LogPluginManager: Mounting plugin AudioCapture
LogPluginManager: Mounting plugin CableComponent
LogPluginManager: Mounting plugin CustomMeshComponent
LogPluginManager: Mounting plugin ExampleDeviceProfileSelector
LogPluginManager: Mounting plugin GoogleCloudMessaging
LogPluginManager: Mounting plugin ImmediatePhysics
LogPluginManager: Mounting plugin IOSDeviceProfileSelector
LogPluginManager: Mounting plugin LinuxDeviceProfileSelector
LogPluginManager: Mounting plugin LocationServicesBPLibrary
LogPluginManager: Mounting plugin MobilePatchingUtils
LogPluginManager: Mounting plugin OculusVR
LogPluginManager: Plugin shader directory ../../../Engine/Plugins/Runtime/Oculus/OculusVR/Shaders found
LogPluginManager: Mapping shader source directory ../../../Engine/Plugins/Runtime/Oculus/OculusVR/Shaders to virtual directory /Plugin/OculusVR
LogPluginManager: Mounting plugin PhysXVehicles
LogPluginManager: Mounting plugin ProceduralMeshComponent
LogPluginManager: Mounting plugin RuntimePhysXCooking
LogPluginManager: Mounting plugin SteamVR
LogPluginManager: Mounting plugin WindowsMoviePlayer
LogStreaming: Display: Took  1.375s to configure plugins.
LogInit: Using libcurl 7.47.1
LogInit:  - built for x86_64-pc-win32
LogInit:  - supports SSL with OpenSSL/1.0.2g
LogInit:  - supports HTTP deflate (compression) using libz 1.2.8
LogInit:  - other features:
LogInit:      CURL_VERSION_SSL
LogInit:      CURL_VERSION_LIBZ
LogInit:      CURL_VERSION_IPV6
LogInit:      CURL_VERSION_ASYNCHDNS
LogInit:      CURL_VERSION_LARGEFILE
LogInit:      CURL_VERSION_IDN
LogInit:  CurlRequestOptions (configurable via config and command line):
LogInit:  - bVerifyPeer = false  - Libcurl will NOT verify peer certificate
LogInit:  - bUseHttpProxy = false  - Libcurl will NOT use HTTP proxy
LogInit:  - bDontReuseConnections = false  - Libcurl will reuse connections
LogInit:  - CertBundlePath = nullptr  - Libcurl will use whatever was configured at build time.
LogInit:  - MaxHostConnections = 16  - Libcurl will limit the number of connections to a host
LogInit:  - LocalHostAddr = Default
LogInit: WinSock: version 1.1 (2.2), MaxSocks=32767, MaxUdp=65467
LogInit: WinSock: I am DESKTOP-O2DDUKR (192.168.1.147:0)
LogInit: Build: ++UE4+Release-4.19-CL-4033788
LogInit: Engine Version: 4.19.2-4033788+++UE4+Release-4.19
LogInit: Compatible Engine Version: 4.19.0-3944462+++UE4+Release-4.19
LogInit: Net CL: 3944462
LogDevObjectVersion: Number of dev versions registered: 18
LogDevObjectVersion:   Dev-Blueprints (B0D832E4-1F89-4F0D-ACCF-7EB736FD4AA2): 10
LogDevObjectVersion:   Dev-Build (E1C64328-A22C-4D53-A36C-8E866417BD8C): 0
LogDevObjectVersion:   Dev-Core (375EC13C-06E4-48FB-B500-84F0262A717E): 2
LogDevObjectVersion:   Dev-Editor (E4B068ED-F494-42E9-A231-DA0B2E46BB41): 23
LogDevObjectVersion:   Dev-Framework (CFFC743F-43B0-4480-9391-14DF171D2073): 33
LogDevObjectVersion:   Dev-Mobile (B02B49B5-BB20-44E9-A304-32B752E40360): 2
LogDevObjectVersion:   Dev-Networking (A4E4105C-59A1-49B5-A7C5-40C4547EDFEE): 0
LogDevObjectVersion:   Dev-Online (39C831C9-5AE6-47DC-9A44-9C173E1C8E7C): 0
LogDevObjectVersion:   Dev-Physics (78F01B33-EBEA-4F98-B9B4-84EACCB95AA2): 0
LogDevObjectVersion:   Dev-Platform (6631380F-2D4D-43E0-8009-CF276956A95A): 0
LogDevObjectVersion:   Dev-Rendering (12F88B9F-8875-4AFC-A67C-D90C383ABD29): 25
LogDevObjectVersion:   Dev-Sequencer (7B5AE74C-D270-4C10-A958-57980B212A5A): 6
LogDevObjectVersion:   Dev-VR (D7296918-1DD6-4BDD-9DE2-64A83CC13884): 1
LogDevObjectVersion:   Dev-LoadTimes (C2A15278-BFE7-4AFE-6C17-90FF531DF755): 1
LogDevObjectVersion:   Private-Geometry (6EACA3D4-40EC-4CC1-B786-8BED09428FC5): 2
LogDevObjectVersion:   Dev-AnimPhys (29E575DD-E0A3-4627-9D10-D276232CDCEA): 16
LogDevObjectVersion:   Dev-ReflectionCapture (6B266CEC-1EC7-4B8F-A30B-E4D90942FC07): 1
LogDevObjectVersion:   Dev-Automation (0DF73D61-A23F-47EA-B727-89E90C41499A): 1
LogInit: Compiled (64-bit): Apr 27 2018 02:06:57
LogInit: Compiled with Visual C++: 19.00.24215.01
LogInit: Build Configuration: Development
LogInit: Branch Name: ++UE4+Release-4.19
LogInit: Command Line: -EpicPortal 
LogInit: Base Directory: D:/Games/UE_4.19/Engine/Binaries/Win64/
LogInit: Installed Engine Build: 1
LogStreaming: Display: Took  0.001s to delete old logs.
LogInit: Presizing for max 8388607 objects, including 0 objects not considered by GC, pre-allocating 0 bytes for permanent pool.
LogInit: Object subsystem initialized
[2018.06.25-22.08.24:898][  0]LogInit: Selected Device Profile: [Windows]
[2018.06.25-22.08.24:898][  0]LogInit: Applying CVar settings loaded from the selected device profile: [Windows]
[2018.06.25-22.08.24:918][  0]LogInit: Computer: DESKTOP-O2DDUKR
[2018.06.25-22.08.24:918][  0]LogInit: User: chima
[2018.06.25-22.08.24:918][  0]LogInit: CPU Page size=4096, Cores=4
[2018.06.25-22.08.24:918][  0]LogInit: High frequency timer resolution =2.727521 MHz
[2018.06.25-22.08.24:919][  0]LogMemory: Memory total: Physical=8.0GB (8GB approx)
[2018.06.25-22.08.24:919][  0]LogMemory: Platform Memory Stats for Windows
[2018.06.25-22.08.24:919][  0]LogMemory: Process Physical Memory: 274.13 MB used, 274.13 MB peak
[2018.06.25-22.08.24:919][  0]LogMemory: Process Virtual Memory: 264.59 MB used, 264.59 MB peak
[2018.06.25-22.08.24:919][  0]LogMemory: Physical Memory: 5897.77 MB used,  2253.31 MB free, 8151.07 MB total
[2018.06.25-22.08.24:919][  0]LogMemory: Virtual Memory: 4794.11 MB used,  2253.31 MB free, 134217728.00 MB total
[2018.06.25-22.08.24:947][  0]LogInit: Using OS detected language (en-US).
[2018.06.25-22.08.24:948][  0]LogInit: Using OS detected locale (en-US).
[2018.06.25-22.08.24:953][  0]LogTextLocalizationManager: No specific localization for 'en-US' exists, so the 'en' localization will be used.
[2018.06.25-22.08.25:621][  0]LogStreaming: Display: Took  0.674s to EndInitTextLocalization.
[2018.06.25-22.08.25:621][  0]LogInit: Setting process to per monitor DPI aware
[2018.06.25-22.08.25:691][  0]LogSlate: New Slate User Created.  User Index 0, Is Virtual User: 0
[2018.06.25-22.08.25:691][  0]LogSlate: Slate User Registered.  User Index 0, Is Virtual User: 0
[2018.06.25-22.08.26:016][  0]LogD3D11RHI: D3D11 adapters:
[2018.06.25-22.08.26:073][  0]LogD3D11RHI:    0. 'NVIDIA GeForce GTX 960' (Feature Level 11_0)
[2018.06.25-22.08.26:073][  0]LogD3D11RHI:       2016/0/4075 MB DedicatedVideo/DedicatedSystem/SharedSystem, Outputs:2, VendorId:0x10de
[2018.06.25-22.08.26:075][  0]LogD3D11RHI:    1. 'Microsoft Basic Render Driver' (Feature Level 11_0)
[2018.06.25-22.08.26:075][  0]LogD3D11RHI:       0/0/4075 MB DedicatedVideo/DedicatedSystem/SharedSystem, Outputs:0, VendorId:0x1414
[2018.06.25-22.08.26:075][  0]LogD3D11RHI: Chosen D3D11 Adapter: 0
[2018.06.25-22.08.26:083][  0]LogD3D11RHI: Creating new Direct3DDevice
[2018.06.25-22.08.26:083][  0]LogD3D11RHI:     GPU DeviceId: 0x1401 (for the marketing name, search the web for "GPU Device Id")
[2018.06.25-22.08.26:083][  0]LogWindows: EnumDisplayDevices:
[2018.06.25-22.08.26:083][  0]LogWindows:    0. 'NVIDIA GeForce GTX 960' (P:1 D:1)
[2018.06.25-22.08.26:083][  0]LogWindows:    1. 'NVIDIA GeForce GTX 960' (P:0 D:1)
[2018.06.25-22.08.26:083][  0]LogWindows:    2. 'NVIDIA GeForce GTX 960' (P:0 D:0)
[2018.06.25-22.08.26:083][  0]LogWindows:    3. 'NVIDIA GeForce GTX 960' (P:0 D:0)
[2018.06.25-22.08.26:083][  0]LogWindows: DebugString: GetVideoDriverDetailsInvalid PrimaryIsNotTheChoosenAdapter GetVideoDriverDetailsInvalid PrimaryIsNotTheChoosenAdapter GetVideoDriverDetailsInvalid PrimaryIsNotTheChoosenAdapter GetVideoDriverDetailsInvalid PrimaryIsNotTheChoosenAdapter FoundDriverCount:0 
[2018.06.25-22.08.26:084][  0]LogD3D11RHI:     Adapter Name: NVIDIA GeForce GTX 960
[2018.06.25-22.08.26:084][  0]LogD3D11RHI:   Driver Version: Unknown (internal:Unknown, unified:Unknown)
[2018.06.25-22.08.26:084][  0]LogD3D11RHI:      Driver Date: Unknown
[2018.06.25-22.08.26:084][  0]LogRHI: Texture pool is 1411 MB (70% of 2016 MB)
[2018.06.25-22.08.26:123][  0]LogD3D11RHI: [Aftermath] Aftermath enabled but failed to initialize
[2018.06.25-22.08.26:123][  0]LogD3D11RHI: [Aftermath] Aftermath enabled and primed
[2018.06.25-22.08.26:123][  0]LogD3D11RHI: Async texture creation enabled
[2018.06.25-22.08.26:136][  0]LogD3D11RHI: GPU Timing Frequency: 1000.000000 (Debug: 2 1)
[2018.06.25-22.08.26:182][  0]LogShaderCompilers: Guid format shader working directory is -10 characters bigger than the processId version (C:/Users/chima/OneDrive/Desktop/RACINGGAME/VelocityWild/Intermediate/Shaders/WorkingDirectory/10576/).
[2018.06.25-22.08.26:182][  0]LogShaderCompilers: Cleaned the shader compiler working directory 'C:/Users/chima/AppData/Local/Temp/UnrealShaderWorkingDir/C2828D5C49389F9C1B2C80B49DE755E3/'.
[2018.06.25-22.08.26:449][  0]LogTemp: Display: Loaded TP AllDesktopTargetPlatform
[2018.06.25-22.08.26:469][  0]LogTemp: Display: Loaded TP MacClientTargetPlatform
[2018.06.25-22.08.26:488][  0]LogTemp: Display: Loaded TP MacNoEditorTargetPlatform
[2018.06.25-22.08.26:507][  0]LogTemp: Display: Loaded TP MacServerTargetPlatform
[2018.06.25-22.08.26:527][  0]LogTemp: Display: Loaded TP MacTargetPlatform
[2018.06.25-22.08.26:547][  0]LogTemp: Display: Loaded TP WindowsClientTargetPlatform
[2018.06.25-22.08.26:566][  0]LogTemp: Display: Loaded TP WindowsNoEditorTargetPlatform
[2018.06.25-22.08.26:585][  0]LogTemp: Display: Loaded TP WindowsServerTargetPlatform
[2018.06.25-22.08.26:594][  0]LogTemp: Display: Loaded TP WindowsTargetPlatform
[2018.06.25-22.08.26:611][  0]LogTemp: Display: Loaded TP Android_ASTCTargetPlatform
[2018.06.25-22.08.26:629][  0]LogTemp: Display: Loaded TP Android_ATCTargetPlatform
[2018.06.25-22.08.26:646][  0]LogTemp: Display: Loaded TP Android_DXTTargetPlatform
[2018.06.25-22.08.26:664][  0]LogTemp: Display: Loaded TP Android_ETC1aTargetPlatform
[2018.06.25-22.08.26:682][  0]LogTemp: Display: Loaded TP Android_ETC1TargetPlatform
[2018.06.25-22.08.26:699][  0]LogTemp: Display: Loaded TP Android_ETC2TargetPlatform
[2018.06.25-22.08.26:736][  0]LogTemp: Display: Loaded TP Android_MultiTargetPlatform
[2018.06.25-22.08.26:736][  0]LogTemp: Display: Loaded TP Android_PVRTCTargetPlatform
[2018.06.25-22.08.26:754][  0]LogTemp: Display: Loaded TP AndroidTargetPlatform
[2018.06.25-22.08.26:755][  0]LogTemp: Display: Loaded TP HTML5TargetPlatform
[2018.06.25-22.08.26:799][  0]LogTemp: Display: Loaded TP IOSTargetPlatform
[2018.06.25-22.08.26:816][  0]LogTemp: Display: Loaded TP TVOSTargetPlatform
[2018.06.25-22.08.26:834][  0]LogTemp: Display: Loaded TP LinuxClientTargetPlatform
[2018.06.25-22.08.26:851][  0]LogTemp: Display: Loaded TP LinuxNoEditorTargetPlatform
[2018.06.25-22.08.26:869][  0]LogTemp: Display: Loaded TP LinuxServerTargetPlatform
[2018.06.25-22.08.26:887][  0]LogTemp: Display: Loaded TP LinuxTargetPlatform
[2018.06.25-22.08.26:887][  0]LogTargetPlatformManager: Display: Building Assets For Windows
[2018.06.25-22.08.27:018][  0]LogXGEController: Cannot use XGE Controller as Incredibuild is not installed on this machine.
[2018.06.25-22.08.27:018][  0]LogShaderCompilers: Cannot use XGE Shader Compiler as Incredibuild is not installed on this machine.
[2018.06.25-22.08.27:018][  0]LogShaderCompilers: Display: Using Local Shader Compiler.
[2018.06.25-22.08.28:036][  0]LogDerivedDataCache: Display: Max Cache Size: 512 MB
[2018.06.25-22.08.28:149][  0]LogDerivedDataCache: Loaded boot cache 0.11s 74MB C:/Users/chima/AppData/Local/UnrealEngine/4.19/DerivedDataCache/Boot.ddc.
[2018.06.25-22.08.28:149][  0]LogDerivedDataCache: Display: Loaded Boot cache: C:/Users/chima/AppData/Local/UnrealEngine/4.19/DerivedDataCache/Boot.ddc
[2018.06.25-22.08.28:149][  0]LogDerivedDataCache: FDerivedDataBackendGraph:  Pak pak cache file C:/Users/chima/OneDrive/Desktop/RACINGGAME/VelocityWild/DerivedDataCache/DDC.ddp not found, will not use a pak cache.
[2018.06.25-22.08.28:149][  0]LogDerivedDataCache: Unable to find inner node Pak for hierarchical cache Hierarchy.
[2018.06.25-22.08.28:149][  0]LogDerivedDataCache: FDerivedDataBackendGraph:  CompressedPak pak cache file C:/Users/chima/OneDrive/Desktop/RACINGGAME/VelocityWild/DerivedDataCache/Compressed.ddp not found, will not use a pak cache.
[2018.06.25-22.08.28:149][  0]LogDerivedDataCache: Unable to find inner node CompressedPak for hierarchical cache Hierarchy.
[2018.06.25-22.08.28:170][  0]LogDerivedDataCache: Display: Pak cache opened for reading ../../../Engine/DerivedDataCache/Compressed.ddp.
[2018.06.25-22.08.28:184][  0]LogDerivedDataCache: Using Local data cache path C:/Users/chima/AppData/Local/UnrealEngine/Common/DerivedDataCache: Writable
[2018.06.25-22.08.28:184][  0]LogDerivedDataCache: Shared data cache path not found in *engine.ini, will not use an Shared cache.
[2018.06.25-22.08.28:184][  0]LogDerivedDataCache: Unable to find inner node Shared for hierarchical cache Hierarchy.
[2018.06.25-22.08.28:203][  0]LogMaterial: Verifying Global Shaders for PCD3D_SM5
[2018.06.25-22.08.28:203][  0]LogSlate: Using Freetype 2.6.0
[2018.06.25-22.08.28:204][  0]LogSlate: SlateFontCache - WITH_FREETYPE: 1, WITH_HARFBUZZ: 1
[2018.06.25-22.08.28:204][  0]LogSlate: SlateFontCache - WITH_FREETYPE: 1, WITH_HARFBUZZ: 1
[2018.06.25-22.08.28:361][  0]LogAssetRegistry: FAssetRegistry took 0.0281 seconds to start up
[2018.06.25-22.08.28:861][  0]LogInit: Selected Device Profile: [Windows]
[2018.06.25-22.08.29:065][  0]LogSimplygon: Simplygon DLL not present - disabling.
[2018.06.25-22.08.29:068][  0]LogMeshReduction: Using SimplygonSwarm for distributed automatic mesh merging
[2018.06.25-22.08.29:068][  0]LogMeshReduction: Using QuadricMeshReduction for automatic static mesh reduction
[2018.06.25-22.08.29:068][  0]LogMeshReduction: No automatic skeletal mesh reduction module available
[2018.06.25-22.08.29:068][  0]LogMeshReduction: No automatic mesh merging module available
[2018.06.25-22.08.29:068][  0]LogMeshMerging: No automatic mesh merging module available
[2018.06.25-22.08.29:121][  0]LogNetVersion: VelocityWild , NetCL: 3944462, EngineNetVer: 2, GameNetVer: 0 (Checksum: 2840408733)
[2018.06.25-22.08.29:764][  0]LogPackageLocalizationCache: Processed 9 localized package path(s) for 2 prioritized culture(s) in 0.114662 seconds
[2018.06.25-22.08.29:772][  0]LogUObjectArray: 36728 objects as part of root set at end of initial load.
[2018.06.25-22.08.29:772][  0]LogUObjectAllocator: 7314304 out of 0 bytes used by permanent object pool.
[2018.06.25-22.08.29:772][  0]LogUObjectArray: CloseDisregardForGC: 0/0 objects in disregard for GC pool
[2018.06.25-22.08.32:055][  0]LogTcpMessaging: Initializing TcpMessaging bridge
[2018.06.25-22.08.32:101][  0]LogUdpMessaging: Initializing bridge on interface 0.0.0.0:0 to multicast group 230.0.0.1:6666.
[2018.06.25-22.08.32:529][  0]SourceControl: Source control is disabled
[2018.06.25-22.08.32:530][  0]SourceControl: Source control is disabled
[2018.06.25-22.08.32:551][  0]SourceControl: Source control is disabled
[2018.06.25-22.08.32:573][  0]SourceControl: Source control is disabled
[2018.06.25-22.08.33:172][  0]LogAndroidPermission: UAndroidPermissionCallbackProxy::GetInstance
[2018.06.25-22.08.33:376][  0]LogOcInput: OculusInput pre-init called
[2018.06.25-22.08.33:517][  0]LogEngine: Initializing Engine...
[2018.06.25-22.08.33:519][  0]LogHMD: Failed to initialize OpenVR with code 110
[2018.06.25-22.08.33:521][  0]LogStats: UGameplayTagsManager::ConstructGameplayTagTree: Construct from data asset -  0.000 s
[2018.06.25-22.08.33:521][  0]LogStats: UGameplayTagsManager::ConstructGameplayTagTree: GameplayTagTreeChangedEvent.Broadcast -  0.000 s
[2018.06.25-22.08.33:858][  0]LogAIModule: Creating AISystem for world Untitled
[2018.06.25-22.08.33:896][  0]LogInit: XAudio2 using 'Speakers (High Definition Audio Device)' : 2 channels at 48 kHz using 16 bits per sample (channel mask 0x3)
[2018.06.25-22.08.33:911][  0]LogInit: FAudioDevice initialized.
[2018.06.25-22.08.34:082][  0]LogDerivedDataCache: Saved boot cache 0.17s 74MB C:/Users/chima/AppData/Local/UnrealEngine/4.19/DerivedDataCache/Boot.ddc.
[2018.06.25-22.08.34:126][  0]LogInit: Texture streaming: Enabled
[2018.06.25-22.08.34:151][  0]LogEngineSessionManager: EngineSessionManager initialized
[2018.06.25-22.08.34:167][  0]LogInit: Transaction tracking system initialized
[2018.06.25-22.08.34:195][  0]BlueprintLog: New page: Editor Load
[2018.06.25-22.08.34:284][  0]LocalizationService: Localization service is disabled
[2018.06.25-22.08.34:399][  0]LogConsoleResponse: Display: 
[2018.06.25-22.08.34:601][  0]LogCook: Display: Max memory allowance for cook 16384mb min free memory 0mb
[2018.06.25-22.08.34:601][  0]LogCook: Display: Mobile HDR setting 1
[2018.06.25-22.08.34:601][  0]LogGameplayTags: Display: UGameplayTagsManager::DoneAddingNativeTags. DelegateIsBound: 0
[2018.06.25-22.08.34:601][  0]LogStats: UGameplayTagsManager::ConstructGameplayTagTree: Construct from data asset -  0.000 s
[2018.06.25-22.08.34:601][  0]LogStats: UGameplayTagsManager::ConstructGameplayTagTree: GameplayTagTreeChangedEvent.Broadcast -  0.000 s
[2018.06.25-22.08.35:068][  0]LogFileCache: Scanning file cache for directory 'C:/Users/chima/OneDrive/Desktop/RACINGGAME/VelocityWild/Content/' took 0.02s
[2018.06.25-22.08.35:068][  0]SourceControl: Source control is disabled
[2018.06.25-22.08.35:068][  0]Cmd: MAP LOAD FILE="C:/Users/chima/OneDrive/Desktop/RACINGGAME/VelocityWild/Content/VehicleBP/Maps/VehicleExampleMap.umap" TEMPLATE=0 SHOWPROGRESS=1 FEATURELEVEL=3
[2018.06.25-22.08.35:069][  0]LightingResults: New page: Lighting Build
[2018.06.25-22.08.35:072][  0]MapCheck: New page: Map Check
[2018.06.25-22.08.35:072][  0]LightingResults: New page: Lighting Build
[2018.06.25-22.08.35:248][  0]LogUObjectGlobals: Created PersistentFrame Addr=0x000001a0d3342098, Size=4, Default__Sedan_AnimBP_C Function /Game/Vehicle/Sedan/Sedan_AnimBP.Sedan_AnimBP_C:ExecuteUbergraph_Sedan_AnimBP
[2018.06.25-22.08.35:251][  0]LogUObjectGlobals: Destroyed PersistentFrame Addr=0x000001a0d3342098, Size=4
[2018.06.25-22.08.35:251][  0]LogUObjectGlobals: Created PersistentFrame Addr=0x000001a0d3342098, Size=4, Default__Sedan_AnimBP_C Function /Engine/Transient.REINST_Sedan_AnimBP_C_0:ExecuteUbergraph_Sedan_AnimBP
[2018.06.25-22.08.35:253][  0]LogUObjectGlobals: Created PersistentFrame Addr=0x000001a0d3341fc0, Size=4, Default__Sedan_AnimBP_C Function /Game/Vehicle/Sedan/Sedan_AnimBP.Sedan_AnimBP_C:ExecuteUbergraph_Sedan_AnimBP
[2018.06.25-22.08.35:259][  0]LogUObjectGlobals: Created PersistentFrame Addr=0x000001a0d3f7c7c0, Size=160, Default__VehicleHUD_C Function /Game/VehicleBP/Blueprints/VehicleHUD.VehicleHUD_C:ExecuteUbergraph_VehicleHUD
[2018.06.25-22.08.35:271][  0]LogUObjectGlobals: Created PersistentFrame Addr=0x000001a0d3364280, Size=384, Default__Sedan_C Function /Game/VehicleBP/Sedan/Sedan.Sedan_C:ExecuteUbergraph_Sedan
[2018.06.25-22.08.35:340][  0]LogUObjectGlobals: Destroyed PersistentFrame Addr=0x000001a0d3f7c7c0, Size=160
[2018.06.25-22.08.35:341][  0]LogUObjectGlobals: Created PersistentFrame Addr=0x000001a0d3742d40, Size=160, Default__VehicleHUD_C Function /Engine/Transient.REINST_VehicleHUD_C_6:ExecuteUbergraph_VehicleHUD
[2018.06.25-22.08.35:342][  0]LogUObjectGlobals: Destroyed PersistentFrame Addr=0x000001a0d3364280, Size=384
[2018.06.25-22.08.35:342][  0]LogUObjectGlobals: Created PersistentFrame Addr=0x000001a0d3737400, Size=384, Default__Sedan_C Function /Engine/Transient.REINST_Sedan_C_7:ExecuteUbergraph_Sedan
[2018.06.25-22.08.35:359][  0]LogUObjectGlobals: Created PersistentFrame Addr=0x000001a0d369f2e0, Size=160, Default__VehicleHUD_C Function /Game/VehicleBP/Blueprints/VehicleHUD.VehicleHUD_C:ExecuteUbergraph_VehicleHUD
[2018.06.25-22.08.35:362][  0]LogUObjectGlobals: Created PersistentFrame Addr=0x000001a0d36aa800, Size=384, Default__Sedan_C Function /Game/VehicleBP/Sedan/Sedan.Sedan_C:ExecuteUbergraph_Sedan
[2018.06.25-22.08.35:624][  0]LogSkeletalMesh: Skeletal Mesh found in DDC [9.025045ms] /Game/Vehicle/Sedan/Sedan_SkelMesh.Sedan_SkelMesh
[2018.06.25-22.08.35:757][  0]LogAIModule: Creating AISystem for world VehicleExampleMap
[2018.06.25-22.08.35:773][  0]LogEditorServer: Finished looking for orphan Actors (0.000 secs)
[2018.06.25-22.08.35:789][  0]LogUObjectGlobals: Destroyed PersistentFrame Addr=0x000001a0d3342098, Size=4
[2018.06.25-22.08.35:789][  0]LogUObjectGlobals: Destroyed PersistentFrame Addr=0x000001a0d3742d40, Size=160
[2018.06.25-22.08.35:789][  0]LogUObjectGlobals: Destroyed PersistentFrame Addr=0x000001a0d3737400, Size=384
[2018.06.25-22.08.35:790][  0]Cmd: MAP CHECKDEP NOCLEARLOG
[2018.06.25-22.08.35:861][  0]MapCheck: Map check complete: 0 Error(s), 0 Warning(s), took 70.123ms to complete.
[2018.06.25-22.08.35:861][  0]LogFileHelpers: Loading map 'VehicleExampleMap' took 0.793
[2018.06.25-22.08.36:089][  0]LogCollectionManager: Loaded 0 collections in 0.002111 seconds
[2018.06.25-22.08.36:146][  0]LogFileCache: Scanning file cache for directory 'C:/Users/chima/OneDrive/Desktop/RACINGGAME/VelocityWild/Saved/Collections/' took 0.01s
[2018.06.25-22.08.36:146][  0]LogFileCache: Scanning file cache for directory 'C:/Users/chima/OneDrive/Desktop/RACINGGAME/VelocityWild/Content/Developers/chima/Collections/' took 0.01s
[2018.06.25-22.08.36:146][  0]LogFileCache: Scanning file cache for directory 'C:/Users/chima/OneDrive/Desktop/RACINGGAME/VelocityWild/Content/Collections/' took 0.01s
[2018.06.25-22.08.36:146][  0]LogCollectionManager: Rebuilt the GUID cache for 0 collections in 0.000000 seconds
[2018.06.25-22.08.36:160][  0]LogContentBrowser: Native class hierarchy populated in 0.0137 seconds. Added 2454 classes and 561 folders.
[2018.06.25-22.08.36:168][  0]LogContentBrowser: Native class hierarchy updated for 'WidgetCarousel' in 0.0002 seconds. Added 0 classes and 0 folders.
[2018.06.25-22.08.36:224][  0]LogContentBrowser: Native class hierarchy updated for 'AddContentDialog' in 0.0003 seconds. Added 0 classes and 0 folders.
[2018.06.25-22.08.36:229][  0]LogContentBrowser: Native class hierarchy updated for 'SceneOutliner' in 0.0003 seconds. Added 1 classes and 2 folders.
[2018.06.25-22.08.36:254][  0]LogSlate: Took 0.000376 seconds to synchronously load lazily loaded font '../../../Engine/Content/Slate/Fonts/Roboto-Regular.ttf' (155K)
[2018.06.25-22.08.36:258][  0]LogSlate: Took 0.000348 seconds to synchronously load lazily loaded font '../../../Engine/Content/Slate/Fonts/Roboto-Bold.ttf' (160K)
[2018.06.25-22.08.36:268][  0]LogSlate: Took 0.000296 seconds to synchronously load lazily loaded font '../../../Engine/Content/Editor/Slate/Fonts/FontAwesome.ttf' (139K)
[2018.06.25-22.08.36:424][  0]LogRenderer: Reallocating scene render targets to support 1208x576 Format 10 NumSamples 1 (Frame:1).
[2018.06.25-22.08.36:600][  0]LogContentBrowser: Native class hierarchy updated for 'HierarchicalLODOutliner' in 0.0003 seconds. Added 0 classes and 0 folders.
[2018.06.25-22.08.36:600][  0]LogLoad: (Engine Initialization) Total time: 14.88 seconds
[2018.06.25-22.08.36:600][  0]LogLoad: (Engine Initialization) Total Blueprint compile time: 0.00 seconds
[2018.06.25-22.08.36:642][  0]LogSlate: FSceneViewport::OnFocusLost() reason 0
[2018.06.25-22.08.36:644][  0]LogWindowsTextInputMethodSystem: Display: IME system now deactivated.
[2018.06.25-22.08.36:645][  0]LogRawInputWindows: Warning: Found device 0 devices
[2018.06.25-22.08.36:645][  0]LogRawInputWindows: Warning: Found device 0 devices
[2018.06.25-22.08.36:645][  0]LogRawInputWindows: Warning: Device was registered succesfully but not connected (Usage:4 UsagePage:1)
[2018.06.25-22.08.36:645][  0]LogRawInputWindows: Warning: Found device 1 devices
[2018.06.25-22.08.36:645][  0]LogRawInputWindows: Warning: Device was registered succesfully but not connected (Usage:5 UsagePage:1)
[2018.06.25-22.08.36:663][  0]LogContentStreaming: Texture pool size now 1000 MB
[2018.06.25-22.08.36:733][  0]LogSlate: Took 0.000291 seconds to synchronously load lazily loaded font '../../../Engine/Content/Slate/Fonts/Roboto-Light.ttf' (167K)
[2018.06.25-22.08.36:832][  1]LogAssetRegistry: Asset discovery search completed in 8.4930 seconds
[2018.06.25-22.08.36:834][  1]LogCollectionManager: Rebuilt the object cache for 0 collections in 0.000000 seconds (found 0 objects)
[2018.06.25-22.08.36:834][  1]LogCollectionManager: Fixed up redirectors for 0 collections in 0.000064 seconds (updated 0 objects)
[2018.06.25-22.08.45:424][878]LogEditorViewport: Clicking on Actor (LMB): Sedan_C (Sedan)
[2018.06.25-22.08.54:470][564]LogSlate: FSceneViewport::OnFocusLost() reason 0
[2018.06.25-22.08.57:264][785]LogEditorViewport: Clicking on Actor (LMB): Sedan_C (Sedan)
[2018.06.25-22.08.59:108][932]LogEditorViewport: Clicking on Actor (context menu): Sedan_C (Sedan)
[2018.06.25-22.08.59:218][932]LogSlate: FSceneViewport::OnFocusLost() reason 2
[2018.06.25-22.09.11:546][792]LogEditorViewport: Clicking on Actor (LMB): BP_Sky_Sphere_C (SkyShereBlueprint)
[2018.06.25-22.09.14:690][ 15]LogSlate: FSceneViewport::OnFocusLost() reason 0
[2018.06.25-22.09.21:510][562]LogSlate: FSceneViewport::OnFocusLost() reason 0
[2018.06.25-22.09.21:823][580]LogActorFactory: Actor Factory created SM_Couch
[2018.06.25-22.09.22:349][619]LogActorFactory: Actor Factory created SM_Couch
[2018.06.25-22.09.26:202][903]LogEditorViewport: Clicking on Actor (LMB): StaticMeshActor (SM_Couch)
[2018.06.25-22.09.27:744][ 19]LogSlate: FSceneViewport::OnFocusLost() reason 2
[2018.06.25-22.09.47:728][686]LogSlate: Took 0.000295 seconds to synchronously load lazily loaded font '../../../Engine/Content/Slate/Fonts/Roboto-Light.ttf' (167K)
[2018.06.25-22.09.47:730][686]LogSlate: FSceneViewport::OnFocusLost() reason 2
[2018.06.25-22.10.18:307][686]LogSlate: Window 'FBX Export Options' being destroyed
[2018.06.25-22.10.18:362][686]LogFbx: Warning: FBX version number for this version of the FBX SDK is 7.5.0


[2018.06.25-22.10.24:775][145]LogSlate: FSceneViewport::OnFocusLost() reason 0
[2018.06.25-22.10.55:440][794]Cmd: DELETE
[2018.06.25-22.10.55:440][794]Cmd: ACTOR DELETE
[2018.06.25-22.10.55:569][794]LogEditorActor: Deleted Actor: StaticMeshActor
[2018.06.25-22.10.55:597][794]LogEditorActor: Deleted 1 Actors (0.068 secs)
[2018.06.25-22.11.03:170][580]LogSlate: FSceneViewport::OnFocusLost() reason 0
[2018.06.25-22.11.19:795][375]LogSlate: FSceneViewport::OnFocusLost() reason 0
[2018.06.25-22.11.21:344][513]Cmd: BRUSH ADD SELECTNEWBRUSH
[2018.06.25-22.11.35:975][739]LogSlate: FSceneViewport::OnFocusLost() reason 0
[2018.06.25-22.11.47:602][749]LogSlate: FSceneViewport::OnFocusLost() reason 2
[2018.06.25-22.11.56:871][533]Cmd: DELETE
[2018.06.25-22.11.56:871][533]Cmd: ACTOR DELETE
[2018.06.25-22.11.56:876][533]LogEditorActor: Deleted Actor: Brush
[2018.06.25-22.11.56:893][533]LogEditorActor: Deleted 1 Actors (0.022 secs)
[2018.06.25-22.11.58:487][696]LogSlate: FSceneViewport::OnFocusLost() reason 0
[2018.06.25-22.11.59:648][807]Cmd: BRUSH ADD SELECTNEWBRUSH
[2018.06.25-22.12.02:584][ 45]LogSlate: FSceneViewport::OnFocusLost() reason 0
[2018.06.25-22.12.37:165][941]LogSlate: FSceneViewport::OnFocusLost() reason 0
[2018.06.25-22.13.39:714][147]LogSlate: FSceneViewport::OnFocusLost() reason 2
[2018.06.25-22.13.39:768][147]LogSlate: FSceneViewport::OnFocusLost() reason 2
[2018.06.25-22.13.49:738][996]LogEditorViewport: Clicking on Actor (LMB): Sedan_C (Sedan)
[2018.06.25-22.13.55:300][426]LogSlate: FSceneViewport::OnFocusLost() reason 2
[2018.06.25-22.14.04:753][685]LogSlate: FSceneViewport::OnFocusLost() reason 2
[2018.06.25-22.14.11:537][685]LogSlate: Window 'FBX Export Options' being destroyed
[2018.06.25-22.14.11:585][685]LogStaticMesh: Building static mesh BoxBrush_3...
[2018.06.25-22.14.11:620][685]LogStaticMesh: Built static mesh [0.04s] /Engine/Transient.BoxBrush_3
[2018.06.25-22.14.11:622][685]LogFbx: Warning: FBX version number for this version of the FBX SDK is 7.5.0


[2018.06.25-22.14.32:826][ 94]LogSlate: FSceneViewport::OnFocusLost() reason 2
[2018.06.25-22.15.10:214][427]LogSlate: FSceneViewport::OnFocusLost() reason 2
[2018.06.25-22.15.21:010][427]LogSlate: Window 'Message' being destroyed
[2018.06.25-22.15.23:067][590]LogSlate: FSceneViewport::OnFocusLost() reason 0
[2018.06.25-22.18.41:073][194]LogSavePackage: Save=441.47ms
[2018.06.25-22.18.41:073][194]LogSavePackage: Moving 'C:/Users/chima/OneDrive/Desktop/RACINGGAME/VelocityWild/Saved/VehicleExampleMap_Auto1C4465C0643C58FECE82F57A56D09178C.tmp' to 'C:/Users/chima/OneDrive/Desktop/RACINGGAME/VelocityWild/Saved/Autosaves/Game/VehicleBP/Maps/VehicleExampleMap_Auto1.umap'
[2018.06.25-22.18.41:076][194]LogSavePackage: Display: Finished SavePackage C:/Users/chima/OneDrive/Desktop/RACINGGAME/VelocityWild/Saved/Autosaves/Game/VehicleBP/Maps/VehicleExampleMap_Auto1.umap
[2018.06.25-22.18.41:086][194]LogFileHelpers: Editor autosave (incl. sublevels) for '/Game/VehicleBP/Maps/VehicleExampleMap' took 0.521
[2018.06.25-22.18.41:086][194]LogFileHelpers: Editor autosave (incl. sublevels) for all levels took 0.521
[2018.06.25-22.29.43:491][182]AssetReimport: New page: Outstanding source content changes 8:29:43 AM
[2018.06.25-22.29.43:512][182]LogFactory: FactoryCreateFile: StaticMesh with FbxFactory (0 0 C:/Users/chima/OneDrive/Desktop/RACINGGAME/VelocityWild/Content/Vehicle/Racer/RACER_01/R_01.obj)
[2018.06.25-22.29.43:625][182]LogFbx: Loading FBX Scene from C:/Users/chima/OneDrive/Desktop/RACINGGAME/VelocityWild/Content/Vehicle/Racer/RACER_01/R_01.obj
[2018.06.25-22.29.43:672][182]LogFbx: FBX Scene Loaded Succesfully
[2018.06.25-22.32.11:647][182]LogSlate: Window 'FBX Import Options' being destroyed
[2018.06.25-22.32.11:774][182]LogFbx: Loading FBX Scene from C:/Users/chima/OneDrive/Desktop/RACINGGAME/VelocityWild/Content/Vehicle/Racer/RACER_01/R_01.obj
[2018.06.25-22.32.11:779][182]LogFbx: FBX Scene Loaded Succesfully
[2018.06.25-22.32.11:856][182]LogMaterial: Missing cached shader map for material lambert2SG, compiling. 
[2018.06.25-22.32.12:247][182]LogStaticMesh: Building static mesh R_01_pCube1...
[2018.06.25-22.32.12:262][182]LogStaticMesh: Built static mesh [0.02s] /Game/Vehicle/Racer/RACER_01/R_01_pCube1.R_01_pCube1
[2018.06.25-22.32.12:290][182]LogStaticMesh: Building static mesh R_01_pCube2...
[2018.06.25-22.32.12:295][182]LogStaticMesh: Built static mesh [0.01s] /Game/Vehicle/Racer/RACER_01/R_01_pCube2.R_01_pCube2
[2018.06.25-22.32.12:306][182]LogStaticMesh: Building static mesh R_01_pCylinder2...
[2018.06.25-22.32.12:309][182]LogStaticMesh: Built static mesh [0.00s] /Game/Vehicle/Racer/RACER_01/R_01_pCylinder2.R_01_pCylinder2
[2018.06.25-22.32.12:320][182]LogStaticMesh: Building static mesh R_01_pCylinder4...
[2018.06.25-22.32.12:323][182]LogStaticMesh: Built static mesh [0.00s] /Game/Vehicle/Racer/RACER_01/R_01_pCylinder4.R_01_pCylinder4
[2018.06.25-22.32.12:334][182]LogStaticMesh: Building static mesh R_01_pPlane1...
[2018.06.25-22.32.12:341][182]LogStaticMesh: Built static mesh [0.01s] /Game/Vehicle/Racer/RACER_01/R_01_pPlane1.R_01_pPlane1
[2018.06.25-22.32.12:374][182]LogSlate: FSceneViewport::OnFocusLost() reason 2
[2018.06.25-22.32.12:440][183]Cmd: OBJ SAVEPACKAGE PACKAGE="/Game/Vehicle/Racer/RACER_01/R_01" FILE="C:/Users/chima/OneDrive/Desktop/RACINGGAME/VelocityWild/Content/Vehicle/Racer/RACER_01/R_01.uasset" SILENT=true
[2018.06.25-22.32.12:454][183]LogSavePackage: Save=10.36ms
[2018.06.25-22.32.12:454][183]LogSavePackage: Moving 'C:/Users/chima/OneDrive/Desktop/RACINGGAME/VelocityWild/Saved/R_012BCA7B644ABB968E4A1C11879B5D189B.tmp' to 'C:/Users/chima/OneDrive/Desktop/RACINGGAME/VelocityWild/Content/Vehicle/Racer/RACER_01/R_01.uasset'
[2018.06.25-22.32.12:457][183]LogSavePackage: Display: Finished SavePackage C:/Users/chima/OneDrive/Desktop/RACINGGAME/VelocityWild/Content/Vehicle/Racer/RACER_01/R_01.uasset
[2018.06.25-22.32.17:437][732]AssetReimport: Importing new asset /Game/Vehicle/Racer/RACER_01/R_01.
[2018.06.25-22.32.24:832][321]LogSlate: FSceneViewport::OnFocusLost() reason 0
[2018.06.25-22.32.58:495][595]LogSlate: Window 'Message Log' being destroyed
[2018.06.25-22.32.58:503][595]LogSlate: Window 'Message Log' being destroyed
[2018.06.25-22.33.02:399][925]Cmd: DELETE
[2018.06.25-22.33.02:399][925]Cmd: ACTOR DELETE
[2018.06.25-22.33.02:405][925]LogEditorActor: Deleted Actor: Brush
[2018.06.25-22.33.02:424][925]LogEditorActor: Deleted 1 Actors (0.025 secs)
[2018.06.25-22.33.03:331][ 18]LogSlate: FSceneViewport::OnFocusLost() reason 2
[2018.06.25-22.33.03:641][ 18]LogSavePackage: Save=246.10ms
[2018.06.25-22.33.03:641][ 18]LogSavePackage: Moving 'C:/Users/chima/OneDrive/Desktop/RACINGGAME/VelocityWild/Saved/VehicleExampleMap_Auto2C9AE50A94D3F6338770D0BB3D28A31E4.tmp' to 'C:/Users/chima/OneDrive/Desktop/RACINGGAME/VelocityWild/Saved/Autosaves/Game/VehicleBP/Maps/VehicleExampleMap_Auto2.umap'
[2018.06.25-22.33.03:643][ 18]LogSavePackage: Display: Finished SavePackage C:/Users/chima/OneDrive/Desktop/RACINGGAME/VelocityWild/Saved/Autosaves/Game/VehicleBP/Maps/VehicleExampleMap_Auto2.umap
[2018.06.25-22.33.03:649][ 18]LogFileHelpers: Editor autosave (incl. sublevels) for '/Game/VehicleBP/Maps/VehicleExampleMap' took 0.285
[2018.06.25-22.33.03:649][ 18]LogFileHelpers: Editor autosave (incl. sublevels) for all levels took 0.285
[2018.06.25-22.33.03:652][ 18]OBJ SavePackage: Generating thumbnails for [1] asset(s) in package [/Game/Vehicle/Racer/RACER_01/R_01_pCube1] ([1] browsable assets)...
[2018.06.25-22.33.03:676][ 18]OBJ SavePackage:     Rendered thumbnail for [StaticMesh /Game/Vehicle/Racer/RACER_01/R_01_pCube1.R_01_pCube1]
[2018.06.25-22.33.03:676][ 18]OBJ SavePackage: Finished generating thumbnails for package [/Game/Vehicle/Racer/RACER_01/R_01_pCube1]
[2018.06.25-22.33.03:708][ 18]LogSavePackage: Save=28.95ms
[2018.06.25-22.33.03:708][ 18]LogSavePackage: Moving 'C:/Users/chima/OneDrive/Desktop/RACINGGAME/VelocityWild/Saved/R_01_pCube1_Auto2F731905047112B58ADE2BA8B4D0C1ECC.tmp' to 'C:/Users/chima/OneDrive/Desktop/RACINGGAME/VelocityWild/Saved/Autosaves/Game/Vehicle/Racer/RACER_01/R_01_pCube1_Auto2.uasset'
[2018.06.25-22.33.03:710][ 18]LogSavePackage: Display: Finished SavePackage C:/Users/chima/OneDrive/Desktop/RACINGGAME/VelocityWild/Saved/Autosaves/Game/Vehicle/Racer/RACER_01/R_01_pCube1_Auto2.uasset
[2018.06.25-22.33.03:711][ 18]OBJ SavePackage: Generating thumbnails for [1] asset(s) in package [/Game/Vehicle/Racer/RACER_01/lambert2SG] ([1] browsable assets)...
[2018.06.25-22.33.03:743][ 18]OBJ SavePackage:     Rendered thumbnail for [Material /Game/Vehicle/Racer/RACER_01/lambert2SG.lambert2SG]
[2018.06.25-22.33.03:743][ 18]OBJ SavePackage: Finished generating thumbnails for package [/Game/Vehicle/Racer/RACER_01/lambert2SG]
[2018.06.25-22.33.03:766][ 18]LogSavePackage: Save=19.66ms
[2018.06.25-22.33.03:766][ 18]LogSavePackage: Moving 'C:/Users/chima/OneDrive/Desktop/RACINGGAME/VelocityWild/Saved/lambert2SG_Auto267E2DAA7454D1DF659140E92E620E936.tmp' to 'C:/Users/chima/OneDrive/Desktop/RACINGGAME/VelocityWild/Saved/Autosaves/Game/Vehicle/Racer/RACER_01/lambert2SG_Auto2.uasset'
[2018.06.25-22.33.03:768][ 18]LogSavePackage: Display: Finished SavePackage C:/Users/chima/OneDrive/Desktop/RACINGGAME/VelocityWild/Saved/Autosaves/Game/Vehicle/Racer/RACER_01/lambert2SG_Auto2.uasset
[2018.06.25-22.33.03:769][ 18]OBJ SavePackage: Generating thumbnails for [1] asset(s) in package [/Game/Vehicle/Racer/RACER_01/R_01_pCube2] ([1] browsable assets)...
[2018.06.25-22.33.03:789][ 18]OBJ SavePackage:     Rendered thumbnail for [StaticMesh /Game/Vehicle/Racer/RACER_01/R_01_pCube2.R_01_pCube2]
[2018.06.25-22.33.03:790][ 18]OBJ SavePackage: Finished generating thumbnails for package [/Game/Vehicle/Racer/RACER_01/R_01_pCube2]
[2018.06.25-22.33.03:812][ 18]LogSavePackage: Save=19.83ms
[2018.06.25-22.33.03:813][ 18]LogSavePackage: Moving 'C:/Users/chima/OneDrive/Desktop/RACINGGAME/VelocityWild/Saved/R_01_pCube2_Auto27052E91344C55E008954E881C5E4A109.tmp' to 'C:/Users/chima/OneDrive/Desktop/RACINGGAME/VelocityWild/Saved/Autosaves/Game/Vehicle/Racer/RACER_01/R_01_pCube2_Auto2.uasset'
[2018.06.25-22.33.03:815][ 18]LogSavePackage: Display: Finished SavePackage C:/Users/chima/OneDrive/Desktop/RACINGGAME/VelocityWild/Saved/Autosaves/Game/Vehicle/Racer/RACER_01/R_01_pCube2_Auto2.uasset
[2018.06.25-22.33.03:815][ 18]OBJ SavePackage: Generating thumbnails for [1] asset(s) in package [/Game/Vehicle/Racer/RACER_01/R_01_pCylinder2] ([1] browsable assets)...
[2018.06.25-22.33.03:837][ 18]OBJ SavePackage:     Rendered thumbnail for [StaticMesh /Game/Vehicle/Racer/RACER_01/R_01_pCylinder2.R_01_pCylinder2]
[2018.06.25-22.33.03:837][ 18]OBJ SavePackage: Finished generating thumbnails for package [/Game/Vehicle/Racer/RACER_01/R_01_pCylinder2]
[2018.06.25-22.33.03:867][ 18]LogSavePackage: Save=27.01ms
[2018.06.25-22.33.03:867][ 18]LogSavePackage: Moving 'C:/Users/chima/OneDrive/Desktop/RACINGGAME/VelocityWild/Saved/R_01_pCylinder2_Auto2120645AD450EFB5B6BE87E92A32C14D3.tmp' to 'C:/Users/chima/OneDrive/Desktop/RACINGGAME/VelocityWild/Saved/Autosaves/Game/Vehicle/Racer/RACER_01/R_01_pCylinder2_Auto2.uasset'
[2018.06.25-22.33.03:869][ 18]LogSavePackage: Display: Finished SavePackage C:/Users/chima/OneDrive/Desktop/RACINGGAME/VelocityWild/Saved/Autosaves/Game/Vehicle/Racer/RACER_01/R_01_pCylinder2_Auto2.uasset
[2018.06.25-22.33.03:869][ 18]OBJ SavePackage: Generating thumbnails for [1] asset(s) in package [/Game/Vehicle/Racer/RACER_01/R_01_pCylinder4] ([1] browsable assets)...
[2018.06.25-22.33.03:891][ 18]OBJ SavePackage:     Rendered thumbnail for [StaticMesh /Game/Vehicle/Racer/RACER_01/R_01_pCylinder4.R_01_pCylinder4]
[2018.06.25-22.33.03:891][ 18]OBJ SavePackage: Finished generating thumbnails for package [/Game/Vehicle/Racer/RACER_01/R_01_pCylinder4]
[2018.06.25-22.33.03:916][ 18]LogSavePackage: Save=21.75ms
[2018.06.25-22.33.03:917][ 18]LogSavePackage: Moving 'C:/Users/chima/OneDrive/Desktop/RACINGGAME/VelocityWild/Saved/R_01_pCylinder4_Auto260CAEF3F4C4894E58B3260B2C122533B.tmp' to 'C:/Users/chima/OneDrive/Desktop/RACINGGAME/VelocityWild/Saved/Autosaves/Game/Vehicle/Racer/RACER_01/R_01_pCylinder4_Auto2.uasset'
[2018.06.25-22.33.03:918][ 18]LogSavePackage: Display: Finished SavePackage C:/Users/chima/OneDrive/Desktop/RACINGGAME/VelocityWild/Saved/Autosaves/Game/Vehicle/Racer/RACER_01/R_01_pCylinder4_Auto2.uasset
[2018.06.25-22.33.03:919][ 18]OBJ SavePackage: Generating thumbnails for [1] asset(s) in package [/Game/Vehicle/Racer/RACER_01/R_01_pPlane1] ([1] browsable assets)...
[2018.06.25-22.33.03:940][ 18]OBJ SavePackage:     Rendered thumbnail for [StaticMesh /Game/Vehicle/Racer/RACER_01/R_01_pPlane1.R_01_pPlane1]
[2018.06.25-22.33.03:940][ 18]OBJ SavePackage: Finished generating thumbnails for package [/Game/Vehicle/Racer/RACER_01/R_01_pPlane1]
[2018.06.25-22.33.03:969][ 18]LogSavePackage: Save=27.38ms
[2018.06.25-22.33.03:969][ 18]LogSavePackage: Moving 'C:/Users/chima/OneDrive/Desktop/RACINGGAME/VelocityWild/Saved/R_01_pPlane1_Auto214A97F0F4907080DB7BF079E98976986.tmp' to 'C:/Users/chima/OneDrive/Desktop/RACINGGAME/VelocityWild/Saved/Autosaves/Game/Vehicle/Racer/RACER_01/R_01_pPlane1_Auto2.uasset'
[2018.06.25-22.33.03:972][ 18]LogSavePackage: Display: Finished SavePackage C:/Users/chima/OneDrive/Desktop/RACINGGAME/VelocityWild/Saved/Autosaves/Game/Vehicle/Racer/RACER_01/R_01_pPlane1_Auto2.uasset
[2018.06.25-22.33.03:972][ 18]LogFileHelpers: Auto-saving content packages took 0.321
[2018.06.25-22.33.27:716][530]LogSlate: FSceneViewport::OnFocusLost() reason 0
[2018.06.25-22.33.37:087][216]LogActorFactory: Actor Factory created R_01_pCube1
[2018.06.25-22.33.37:964][310]LogActorFactory: Actor Factory created R_01_pCube1
[2018.06.25-22.34.26:981][213]LogEditorViewport: Clicking on Actor (LMB): StaticMeshActor (R_01_pCube1)
[2018.06.25-22.34.47:014][964]Cmd: TRANSACTION UNDO
[2018.06.25-22.34.47:014][964]LogEditorTransaction: Undo Move Actors
[2018.06.25-22.35.04:120][465]LogEditorViewport: Clicking on Actor (context menu): StaticMeshActor (RoughTerrain_StaticMesh)
[2018.06.25-22.35.04:201][465]LogSlate: FSceneViewport::OnFocusLost() reason 2
[2018.06.25-22.35.04:939][527]LogEditorViewport: Clicking on Actor (context menu): StaticMeshActor (RoughTerrain_StaticMesh)
[2018.06.25-22.35.04:985][527]LogSlate: FSceneViewport::OnFocusLost() reason 2
[2018.06.25-22.35.06:171][630]LogEditorViewport: Clicking on Actor (LMB): BP_Sky_Sphere_C (SkyShereBlueprint)
[2018.06.25-22.35.10:896][  8]LogEditorViewport: Clicking on Actor (LMB): StaticMeshActor (R_01_pCube1)
[2018.06.25-22.35.40:517][546]LogSlate: FSceneViewport::OnFocusLost() reason 0
[2018.06.25-22.40.04:032][561]LogSlate: FSceneViewport::OnFocusLost() reason 0
[2018.06.25-22.40.36:617][186]AssetReimport: New page: Outstanding source content changes 8:40:36 AM
[2018.06.25-22.40.36:632][187]LogFactory: FactoryCreateFile: StaticMesh with FbxFactory (0 0 C:/Users/chima/OneDrive/Desktop/RACINGGAME/VelocityWild/Content/Vehicle/Racer/RACER_01.fbx)
[2018.06.25-22.40.36:678][187]LogFbx: ItemName: GlobalSettings, ItemCount : 1
[2018.06.25-22.40.36:678][187]LogFbx: ItemName: AnimationStack, ItemCount : 1
[2018.06.25-22.40.36:678][187]LogFbx: ItemName: AnimationLayer, ItemCount : 1
[2018.06.25-22.40.36:678][187]LogFbx: ItemName: Geometry, ItemCount : 1
[2018.06.25-22.40.36:678][187]LogFbx: ItemName: Material, ItemCount : 1
[2018.06.25-22.40.36:678][187]LogFbx: ItemName: Model, ItemCount : 1
[2018.06.25-22.40.36:687][187]LogFbx: Loading FBX Scene from C:/Users/chima/OneDrive/Desktop/RACINGGAME/VelocityWild/Content/Vehicle/Racer/RACER_01.fbx
[2018.06.25-22.40.36:721][187]LogFbx: FBX Scene Loaded Succesfully
[2018.06.25-22.40.36:757][187]LogSlate: FSceneViewport::OnFocusLost() reason 2
[2018.06.25-22.41.04:771][187]LogSlate: Window 'FBX Import Options' being destroyed
[2018.06.25-22.41.04:832][187]LogFbx: Loading FBX Scene from C:/Users/chima/OneDrive/Desktop/RACINGGAME/VelocityWild/Content/Vehicle/Racer/RACER_01.fbx
[2018.06.25-22.41.04:842][187]LogFbx: FBX Scene Loaded Succesfully
[2018.06.25-22.41.04:864][187]LogMaterial: Missing cached shader map for material lambert2SG1, compiling. 
[2018.06.25-22.41.04:884][187]LogStaticMesh: Building static mesh RACER_01...
[2018.06.25-22.41.04:898][187]LogStaticMesh: Built static mesh [0.01s] /Game/Vehicle/Racer/RACER_01.RACER_01
[2018.06.25-22.41.04:931][187]LogSlate: FSceneViewport::OnFocusLost() reason 2
[2018.06.25-22.41.05:050][188]Cmd: OBJ SAVEPACKAGE PACKAGE="/Game/Vehicle/Racer/RACER_01" FILE="C:/Users/chima/OneDrive/Desktop/RACINGGAME/VelocityWild/Content/Vehicle/Racer/RACER_01.uasset" SILENT=true
[2018.06.25-22.41.05:075][188]LogSavePackage: Save=22.09ms
[2018.06.25-22.41.05:075][188]LogSavePackage: Moving 'C:/Users/chima/OneDrive/Desktop/RACINGGAME/VelocityWild/Saved/RACER_0103C5836B462E22A4BEA832B91FF1B026.tmp' to 'C:/Users/chima/OneDrive/Desktop/RACINGGAME/VelocityWild/Content/Vehicle/Racer/RACER_01.uasset'
[2018.06.25-22.41.05:078][188]LogSavePackage: Display: Finished SavePackage C:/Users/chima/OneDrive/Desktop/RACINGGAME/VelocityWild/Content/Vehicle/Racer/RACER_01.uasset
[2018.06.25-22.41.08:096][363]AssetReimport: Importing new asset /Game/Vehicle/Racer/RACER_01.
[2018.06.25-22.41.11:716][648]LogSlate: FSceneViewport::OnFocusLost() reason 0
[2018.06.25-22.41.11:830][658]LogSlate: Window 'Message Log' being destroyed
[2018.06.25-22.41.11:838][658]LogSlate: Window 'Message Log' being destroyed
[2018.06.25-22.41.17:819][175]Cmd: DELETE
[2018.06.25-22.41.17:819][175]Cmd: ACTOR DELETE
[2018.06.25-22.41.17:825][175]LogEditorActor: Deleted Actor: StaticMeshActor
[2018.06.25-22.41.17:838][175]LogEditorActor: Deleted 1 Actors (0.018 secs)
[2018.06.25-22.41.20:514][390]LogSlate: FSceneViewport::OnFocusLost() reason 0
[2018.06.25-22.41.27:964][ 68]LogActorFactory: Actor Factory created RACER_01
[2018.06.25-22.41.29:856][274]LogActorFactory: Actor Factory created RACER_01
[2018.06.25-22.41.52:270][259]LogEditorViewport: Clicking on Actor (LMB): BP_Sky_Sphere_C (SkyShereBlueprint)
[2018.06.25-22.42.12:778][ 13]LogSlate: FSceneViewport::OnFocusLost() reason 2
[2018.06.25-22.42.47:374][  9]LogSlate: FSceneViewport::OnFocusLost() reason 2
[2018.06.25-22.43.01:175][221]LogSlate: FSceneViewport::OnFocusLost() reason 2
[2018.06.25-22.43.01:535][221]LogSavePackage: Save=225.23ms
[2018.06.25-22.43.01:535][221]LogSavePackage: Moving 'C:/Users/chima/OneDrive/Desktop/RACINGGAME/VelocityWild/Saved/VehicleExampleMap2DD924A4441B755B5A73F39361A21A0B.tmp' to 'C:/Users/chima/OneDrive/Desktop/RACINGGAME/VelocityWild/Content/VehicleBP/Maps/VehicleExampleMap.umap'
[2018.06.25-22.43.01:547][221]LogSavePackage: Display: Finished SavePackage C:/Users/chima/OneDrive/Desktop/RACINGGAME/VelocityWild/Content/VehicleBP/Maps/VehicleExampleMap.umap
[2018.06.25-22.43.01:583][221]LogFileHelpers: Saving map 'VehicleExampleMap' took 0.388
[2018.06.25-22.43.01:613][221]Cmd: OBJ SAVEPACKAGE PACKAGE="/Game/Vehicle/Racer/RACER_01/R_01_pCube1" FILE="C:/Users/chima/OneDrive/Desktop/RACINGGAME/VelocityWild/Content/Vehicle/Racer/RACER_01/R_01_pCube1.uasset" SILENT=true
[2018.06.25-22.43.01:639][221]LogSavePackage: Save=22.93ms
[2018.06.25-22.43.01:639][221]LogSavePackage: Moving 'C:/Users/chima/OneDrive/Desktop/RACINGGAME/VelocityWild/Saved/R_01_pCube1EB2A05FD4413F58EF949DA9A31072160.tmp' to 'C:/Users/chima/OneDrive/Desktop/RACINGGAME/VelocityWild/Content/Vehicle/Racer/RACER_01/R_01_pCube1.uasset'
[2018.06.25-22.43.01:649][221]LogSavePackage: Display: Finished SavePackage C:/Users/chima/OneDrive/Desktop/RACINGGAME/VelocityWild/Content/Vehicle/Racer/RACER_01/R_01_pCube1.uasset
[2018.06.25-22.43.01:676][221]Cmd: OBJ SAVEPACKAGE PACKAGE="/Game/Vehicle/Racer/RACER_01/lambert2SG" FILE="C:/Users/chima/OneDrive/Desktop/RACINGGAME/VelocityWild/Content/Vehicle/Racer/RACER_01/lambert2SG.uasset" SILENT=true
[2018.06.25-22.43.01:700][221]LogSavePackage: Save=20.11ms
[2018.06.25-22.43.01:700][221]LogSavePackage: Moving 'C:/Users/chima/OneDrive/Desktop/RACINGGAME/VelocityWild/Saved/lambert2SG8764BD1B4D87EE4B20444CA645278E82.tmp' to 'C:/Users/chima/OneDrive/Desktop/RACINGGAME/VelocityWild/Content/Vehicle/Racer/RACER_01/lambert2SG.uasset'
[2018.06.25-22.43.01:713][221]LogSavePackage: Display: Finished SavePackage C:/Users/chima/OneDrive/Desktop/RACINGGAME/VelocityWild/Content/Vehicle/Racer/RACER_01/lambert2SG.uasset
[2018.06.25-22.43.01:741][221]Cmd: OBJ SAVEPACKAGE PACKAGE="/Game/Vehicle/Racer/RACER_01/R_01_pCube2" FILE="C:/Users/chima/OneDrive/Desktop/RACINGGAME/VelocityWild/Content/Vehicle/Racer/RACER_01/R_01_pCube2.uasset" SILENT=true
[2018.06.25-22.43.01:766][221]LogSavePackage: Save=22.31ms
[2018.06.25-22.43.01:766][221]LogSavePackage: Moving 'C:/Users/chima/OneDrive/Desktop/RACINGGAME/VelocityWild/Saved/R_01_pCube25D88C6A54AAE6F9B0CCF1E94482CBFBC.tmp' to 'C:/Users/chima/OneDrive/Desktop/RACINGGAME/VelocityWild/Content/Vehicle/Racer/RACER_01/R_01_pCube2.uasset'
[2018.06.25-22.43.01:777][221]LogSavePackage: Display: Finished SavePackage C:/Users/chima/OneDrive/Desktop/RACINGGAME/VelocityWild/Content/Vehicle/Racer/RACER_01/R_01_pCube2.uasset
[2018.06.25-22.43.01:806][221]Cmd: OBJ SAVEPACKAGE PACKAGE="/Game/Vehicle/Racer/RACER_01/R_01_pCylinder2" FILE="C:/Users/chima/OneDrive/Desktop/RACINGGAME/VelocityWild/Content/Vehicle/Racer/RACER_01/R_01_pCylinder2.uasset" SILENT=true
[2018.06.25-22.43.01:831][221]LogSavePackage: Save=22.15ms
[2018.06.25-22.43.01:831][221]LogSavePackage: Moving 'C:/Users/chima/OneDrive/Desktop/RACINGGAME/VelocityWild/Saved/R_01_pCylinder28EF5FD994215FBB86FAC4A8ADCF226C6.tmp' to 'C:/Users/chima/OneDrive/Desktop/RACINGGAME/VelocityWild/Content/Vehicle/Racer/RACER_01/R_01_pCylinder2.uasset'
[2018.06.25-22.43.01:842][221]LogSavePackage: Display: Finished SavePackage C:/Users/chima/OneDrive/Desktop/RACINGGAME/VelocityWild/Content/Vehicle/Racer/RACER_01/R_01_pCylinder2.uasset
[2018.06.25-22.43.01:871][221]Cmd: OBJ SAVEPACKAGE PACKAGE="/Game/Vehicle/Racer/RACER_01/R_01_pCylinder4" FILE="C:/Users/chima/OneDrive/Desktop/RACINGGAME/VelocityWild/Content/Vehicle/Racer/RACER_01/R_01_pCylinder4.uasset" SILENT=true
[2018.06.25-22.43.01:900][221]LogSavePackage: Save=25.94ms
[2018.06.25-22.43.01:900][221]LogSavePackage: Moving 'C:/Users/chima/OneDrive/Desktop/RACINGGAME/VelocityWild/Saved/R_01_pCylinder49315054D4C9AA6C00FD7C3996C544F48.tmp' to 'C:/Users/chima/OneDrive/Desktop/RACINGGAME/VelocityWild/Content/Vehicle/Racer/RACER_01/R_01_pCylinder4.uasset'
[2018.06.25-22.43.01:909][221]LogSavePackage: Display: Finished SavePackage C:/Users/chima/OneDrive/Desktop/RACINGGAME/VelocityWild/Content/Vehicle/Racer/RACER_01/R_01_pCylinder4.uasset
[2018.06.25-22.43.01:942][221]Cmd: OBJ SAVEPACKAGE PACKAGE="/Game/Vehicle/Racer/RACER_01/R_01_pPlane1" FILE="C:/Users/chima/OneDrive/Desktop/RACINGGAME/VelocityWild/Content/Vehicle/Racer/RACER_01/R_01_pPlane1.uasset" SILENT=true
[2018.06.25-22.43.01:972][221]LogSavePackage: Save=27.14ms
[2018.06.25-22.43.01:972][221]LogSavePackage: Moving 'C:/Users/chima/OneDrive/Desktop/RACINGGAME/VelocityWild/Saved/R_01_pPlane16C72B60C4C48D6A5568686B15E4F2F68.tmp' to 'C:/Users/chima/OneDrive/Desktop/RACINGGAME/VelocityWild/Content/Vehicle/Racer/RACER_01/R_01_pPlane1.uasset'
[2018.06.25-22.43.01:981][221]LogSavePackage: Display: Finished SavePackage C:/Users/chima/OneDrive/Desktop/RACINGGAME/VelocityWild/Content/Vehicle/Racer/RACER_01/R_01_pPlane1.uasset
[2018.06.25-22.43.02:006][221]Cmd: OBJ SAVEPACKAGE PACKAGE="/Game/Vehicle/Racer/lambert2SG1" FILE="C:/Users/chima/OneDrive/Desktop/RACINGGAME/VelocityWild/Content/Vehicle/Racer/lambert2SG1.uasset" SILENT=true
[2018.06.25-22.43.02:033][221]LogSavePackage: Save=23.59ms
[2018.06.25-22.43.02:033][221]LogSavePackage: Moving 'C:/Users/chima/OneDrive/Desktop/RACINGGAME/VelocityWild/Saved/lambert2SG1833771664DD24823FCF267BB19758689.tmp' to 'C:/Users/chima/OneDrive/Desktop/RACINGGAME/VelocityWild/Content/Vehicle/Racer/lambert2SG1.uasset'
[2018.06.25-22.43.02:037][221]LogSavePackage: Display: Finished SavePackage C:/Users/chima/OneDrive/Desktop/RACINGGAME/VelocityWild/Content/Vehicle/Racer/lambert2SG1.uasset
