Log file open, 06/25/18 14:35:12
LogWindows: Failed to load 'aqProf.dll' (GetLastError=126)
LogWindows: File 'aqProf.dll' does not exist
LogWindows: Failed to load 'VtuneApi.dll' (GetLastError=126)
LogWindows: File 'VtuneApi.dll' does not exist
LogWindows: Failed to load 'VtuneApi32e.dll' (GetLastError=126)
LogWindows: File 'VtuneApi32e.dll' does not exist
LogInit: Display: Running engine for game: VelocityWild
LogPlatformFile: Not using cached read wrapper
LogInit: Display: RandInit(1215109591) SRandInit(1215109591).
LogInit: Read version file with build ID '3944462'
LogInit: Overriding engine version to CL 4033788, compatible CL 3944462
LogInit: Registered custom module enumerator with build ID '3944462'
LogTaskGraph: Started task graph with 5 named threads and 23 total threads with 3 sets of task threads.
LogStats: Stats thread started at 0.296235
LogD3D11RHI: Aftermath initialized
LogICUInternationalization: Display: ICU TimeZone Detection - Raw Offset: -8:00, Platform Override: ''
LogModuleManager: Display: Found up-to-date module file ../../../Engine/Plugins/Runtime/PhysXVehicles/Binaries/Win64/UE4Editor-PhysXVehicles.dll (API version 3944462).
LogModuleManager: Display: Found up-to-date module file ../../../Engine/Plugins/Runtime/PhysXVehicles/Binaries/Win64/UE4Editor-PhysXVehiclesEditor.dll (API version 3944462).
LogModuleManager: Display: Found up-to-date module file ../../../Engine/Plugins/Experimental/RawInput/Binaries/Win64/UE4Editor-RawInput.dll (API version 3944462).
LogModuleManager: Display: Found up-to-date module file ../../../Engine/Plugins/2D/Paper2D/Binaries/Win64/UE4Editor-Paper2D.dll (API version 3944462).
LogModuleManager: Display: Found up-to-date module file ../../../Engine/Plugins/2D/Paper2D/Binaries/Win64/UE4Editor-Paper2DEditor.dll (API version 3944462).
LogModuleManager: Display: Found up-to-date module file ../../../Engine/Plugins/2D/Paper2D/Binaries/Win64/UE4Editor-PaperSpriteSheetImporter.dll (API version 3944462).
LogModuleManager: Display: Found up-to-date module file ../../../Engine/Plugins/2D/Paper2D/Binaries/Win64/UE4Editor-PaperTiledImporter.dll (API version 3944462).
LogModuleManager: Display: Found up-to-date module file ../../../Engine/Plugins/2D/Paper2D/Binaries/Win64/UE4Editor-SmartSnapping.dll (API version 3944462).
LogModuleManager: Display: Found up-to-date module file ../../../Engine/Plugins/Blendables/LightPropagationVolume/Binaries/Win64/UE4Editor-LightPropagationVolumeRuntime.dll (API version 3944462).
LogModuleManager: Display: Found up-to-date module file ../../../Engine/Plugins/Blendables/LightPropagationVolume/Binaries/Win64/UE4Editor-LightPropagationVolumeEditor.dll (API version 3944462).
LogModuleManager: Display: Found up-to-date module file ../../../Engine/Plugins/Developer/CLionSourceCodeAccess/Binaries/Win64/UE4Editor-CLionSourceCodeAccess.dll (API version 3944462).
LogModuleManager: Display: Found up-to-date module file ../../../Engine/Plugins/Developer/GitSourceControl/Binaries/Win64/UE4Editor-GitSourceControl.dll (API version 3944462).
LogModuleManager: Display: Found up-to-date module file ../../../Engine/Plugins/Developer/PerforceSourceControl/Binaries/Win64/UE4Editor-PerforceSourceControl.dll (API version 3944462).
LogModuleManager: Display: Found up-to-date module file ../../../Engine/Plugins/Developer/SubversionSourceControl/Binaries/Win64/UE4Editor-SubversionSourceControl.dll (API version 3944462).
LogModuleManager: Display: Found up-to-date module file ../../../Engine/Plugins/Developer/UObjectPlugin/Binaries/Win64/UE4Editor-UObjectPlugin.dll (API version 3944462).
LogModuleManager: Display: Found up-to-date module file ../../../Engine/Plugins/Developer/VisualStudioCodeSourceCodeAccess/Binaries/Win64/UE4Editor-VisualStudioCodeSourceCodeAccess.dll (API version 3944462).
LogModuleManager: Display: Found up-to-date module file ../../../Engine/Plugins/Developer/VisualStudioSourceCodeAccess/Binaries/Win64/UE4Editor-VisualStudioSourceCodeAccess.dll (API version 3944462).
LogModuleManager: Display: Found up-to-date module file ../../../Engine/Plugins/Editor/AssetManagerEditor/Binaries/Win64/UE4Editor-AssetManagerEditor.dll (API version 3944462).
LogModuleManager: Display: Found up-to-date module file ../../../Engine/Plugins/Editor/CryptoKeys/Binaries/Win64/UE4Editor-CryptoKeys.dll (API version 3944462).
LogModuleManager: Display: Found up-to-date module file ../../../Engine/Plugins/Editor/CryptoKeys/Binaries/Win64/UE4Editor-CryptoKeysOpenSSL.dll (API version 3944462).
LogModuleManager: Display: Found up-to-date module file ../../../Engine/Plugins/Editor/DataValidation/Binaries/Win64/UE4Editor-DataValidation.dll (API version 3944462).
LogModuleManager: Display: Found up-to-date module file ../../../Engine/Plugins/Editor/FacialAnimation/Binaries/Win64/UE4Editor-FacialAnimation.dll (API version 3944462).
LogModuleManager: Display: Found up-to-date module file ../../../Engine/Plugins/Editor/FacialAnimation/Binaries/Win64/UE4Editor-FacialAnimationEditor.dll (API version 3944462).
LogModuleManager: Display: Found up-to-date module file ../../../Engine/Plugins/Editor/GameplayTagsEditor/Binaries/Win64/UE4Editor-GameplayTagsEditor.dll (API version 3944462).
LogModuleManager: Display: Found up-to-date module file ../../../Engine/Plugins/Editor/MobileLauncherProfileWizard/Binaries/Win64/UE4Editor-MobileLauncherProfileWizard.dll (API version 3944462).
LogModuleManager: Display: Found up-to-date module file ../../../Engine/Plugins/Editor/PluginBrowser/Binaries/Win64/UE4Editor-PluginBrowser.dll (API version 3944462).
LogModuleManager: Display: Found up-to-date module file ../../../Engine/Plugins/Editor/SpeedTreeImporter/Binaries/Win64/UE4Editor-SpeedTreeImporter.dll (API version 3944462).
LogModuleManager: Display: Found up-to-date module file ../../../Engine/Plugins/Enterprise/DatasmithContent/Binaries/Win64/UE4Editor-DatasmithContent.dll (API version 3944462).
LogModuleManager: Display: Found up-to-date module file ../../../Engine/Plugins/Experimental/AlembicImporter/Binaries/Win64/UE4Editor-AlembicImporter.dll (API version 3944462).
LogModuleManager: Display: Found up-to-date module file ../../../Engine/Plugins/Experimental/AlembicImporter/Binaries/Win64/UE4Editor-AlembicLibrary.dll (API version 3944462).
LogModuleManager: Display: Found up-to-date module file ../../../Engine/Plugins/Experimental/CharacterAI/Binaries/Win64/UE4Editor-CharacterAI.dll (API version 3944462).
LogModuleManager: Display: Found up-to-date module file ../../../Engine/Plugins/Experimental/HTML5Networking/Binaries/Win64/UE4Editor-HTML5Networking.dll (API version 3944462).
LogModuleManager: Display: Found up-to-date module file ../../../Engine/Plugins/Media/AndroidMedia/Binaries/Win64/UE4Editor-AndroidMediaEditor.dll (API version 3944462).
LogModuleManager: Display: Found up-to-date module file ../../../Engine/Plugins/Media/AndroidMedia/Binaries/Win64/UE4Editor-AndroidMediaFactory.dll (API version 3944462).
LogModuleManager: Display: Found up-to-date module file ../../../Engine/Plugins/Media/AvfMedia/Binaries/Win64/UE4Editor-AvfMediaEditor.dll (API version 3944462).
LogModuleManager: Display: Found up-to-date module file ../../../Engine/Plugins/Media/AvfMedia/Binaries/Win64/UE4Editor-AvfMediaFactory.dll (API version 3944462).
LogModuleManager: Display: Found up-to-date module file ../../../Engine/Plugins/Media/AvfMedia/Binaries/Win64/UE4Editor-AvfMediaFactory.dll (API version 3944462).
LogModuleManager: Display: Found up-to-date module file ../../../Engine/Plugins/Media/ImgMedia/Binaries/Win64/UE4Editor-ImgMedia.dll (API version 3944462).
LogModuleManager: Display: Found up-to-date module file ../../../Engine/Plugins/Media/ImgMedia/Binaries/Win64/UE4Editor-ImgMediaEditor.dll (API version 3944462).
LogModuleManager: Display: Found up-to-date module file ../../../Engine/Plugins/Media/ImgMedia/Binaries/Win64/UE4Editor-ImgMediaFactory.dll (API version 3944462).
LogModuleManager: Display: Found up-to-date module file ../../../Engine/Plugins/Media/ImgMedia/Binaries/Win64/UE4Editor-ImgMediaFactory.dll (API version 3944462).
LogModuleManager: Display: Found up-to-date module file ../../../Engine/Plugins/Media/ImgMedia/Binaries/Win64/UE4Editor-OpenExrWrapper.dll (API version 3944462).
LogModuleManager: Display: Found up-to-date module file ../../../Engine/Plugins/Media/LinearTimecode/Binaries/Win64/UE4Editor-LinearTimecode.dll (API version 3944462).
LogModuleManager: Display: Found up-to-date module file ../../../Engine/Plugins/Media/MediaCompositing/Binaries/Win64/UE4Editor-MediaCompositing.dll (API version 3944462).
LogModuleManager: Display: Found up-to-date module file ../../../Engine/Plugins/Media/MediaCompositing/Binaries/Win64/UE4Editor-MediaCompositingEditor.dll (API version 3944462).
LogModuleManager: Display: Found up-to-date module file ../../../Engine/Plugins/Media/MediaPlayerEditor/Binaries/Win64/UE4Editor-MediaPlayerEditor.dll (API version 3944462).
LogModuleManager: Display: Found up-to-date module file ../../../Engine/Plugins/Media/WmfMedia/Binaries/Win64/UE4Editor-WmfMedia.dll (API version 3944462).
LogModuleManager: Display: Found up-to-date module file ../../../Engine/Plugins/Media/WmfMedia/Binaries/Win64/UE4Editor-WmfMediaEditor.dll (API version 3944462).
LogModuleManager: Display: Found up-to-date module file ../../../Engine/Plugins/Media/WmfMedia/Binaries/Win64/UE4Editor-WmfMediaFactory.dll (API version 3944462).
LogModuleManager: Display: Found up-to-date module file ../../../Engine/Plugins/Media/WmfMedia/Binaries/Win64/UE4Editor-WmfMediaFactory.dll (API version 3944462).
LogModuleManager: Display: Found up-to-date module file ../../../Engine/Plugins/Messaging/TcpMessaging/Binaries/Win64/UE4Editor-TcpMessaging.dll (API version 3944462).
LogModuleManager: Display: Found up-to-date module file ../../../Engine/Plugins/Messaging/UdpMessaging/Binaries/Win64/UE4Editor-UdpMessaging.dll (API version 3944462).
LogModuleManager: Display: Found up-to-date module file ../../../Engine/Plugins/MovieScene/ActorSequence/Binaries/Win64/UE4Editor-ActorSequence.dll (API version 3944462).
LogModuleManager: Display: Found up-to-date module file ../../../Engine/Plugins/MovieScene/LevelSequenceEditor/Binaries/Win64/UE4Editor-LevelSequenceEditor.dll (API version 3944462).
LogModuleManager: Display: Found up-to-date module file ../../../Engine/Plugins/MovieScene/MatineeToLevelSequence/Binaries/Win64/UE4Editor-MatineeToLevelSequence.dll (API version 3944462).
LogModuleManager: Display: Found up-to-date module file ../../../Engine/Plugins/NetcodeUnitTest/NetcodeUnitTest/Binaries/Win64/UE4Editor-NetcodeUnitTest.dll (API version 3944462).
LogModuleManager: Display: Found up-to-date module file ../../../Engine/Plugins/NetcodeUnitTest/NUTUnrealEngine4/Binaries/Win64/UE4Editor-NUTUnrealEngine4.dll (API version 3944462).
LogModuleManager: Display: Found up-to-date module file ../../../Engine/Plugins/Online/OnlineSubsystem/Binaries/Win64/UE4Editor-OnlineSubsystem.dll (API version 3944462).
LogModuleManager: Display: Found up-to-date module file ../../../Engine/Plugins/Runtime/AndroidPermission/Binaries/Win64/UE4Editor-AndroidPermission.dll (API version 3944462).
LogModuleManager: Display: Found up-to-date module file ../../../Engine/Plugins/Online/OnlineSubsystemNull/Binaries/Win64/UE4Editor-OnlineSubsystemNull.dll (API version 3944462).
LogModuleManager: Display: Found up-to-date module file ../../../Engine/Plugins/Online/OnlineSubsystemUtils/Binaries/Win64/UE4Editor-OnlineSubsystemUtils.dll (API version 3944462).
LogModuleManager: Display: Found up-to-date module file ../../../Engine/Plugins/Online/OnlineSubsystemUtils/Binaries/Win64/UE4Editor-OnlineBlueprintSupport.dll (API version 3944462).
LogModuleManager: Display: Found up-to-date module file ../../../Engine/Plugins/Runtime/AndroidDeviceProfileSelector/Binaries/Win64/UE4Editor-AndroidDeviceProfileSelector.dll (API version 3944462).
LogModuleManager: Display: Found up-to-date module file ../../../Engine/Plugins/Runtime/AppleARKit/Binaries/Win64/UE4Editor-AppleARKit.dll (API version 3944462).
LogModuleManager: Display: Found up-to-date module file ../../../Engine/Plugins/Runtime/ProceduralMeshComponent/Binaries/Win64/UE4Editor-ProceduralMeshComponent.dll (API version 3944462).
LogModuleManager: Display: Found up-to-date module file ../../../Engine/Plugins/Runtime/ProceduralMeshComponent/Binaries/Win64/UE4Editor-ProceduralMeshComponentEditor.dll (API version 3944462).
LogModuleManager: Display: Found up-to-date module file ../../../Engine/Plugins/Animation/LiveLink/Binaries/Win64/UE4Editor-LiveLink.dll (API version 3944462).
LogModuleManager: Display: Found up-to-date module file ../../../Engine/Plugins/Animation/LiveLink/Binaries/Win64/UE4Editor-LiveLinkEditor.dll (API version 3944462).
LogModuleManager: Display: Found up-to-date module file ../../../Engine/Plugins/Runtime/ArchVisCharacter/Binaries/Win64/UE4Editor-ArchVisCharacter.dll (API version 3944462).
LogModuleManager: Display: Found up-to-date module file ../../../Engine/Plugins/Runtime/AudioCapture/Binaries/Win64/UE4Editor-AudioCapture.dll (API version 3944462).
LogModuleManager: Display: Found up-to-date module file ../../../Engine/Plugins/Runtime/AudioCapture/Binaries/Win64/UE4Editor-AudioCaptureEditor.dll (API version 3944462).
LogModuleManager: Display: Found up-to-date module file ../../../Engine/Plugins/Runtime/CableComponent/Binaries/Win64/UE4Editor-CableComponent.dll (API version 3944462).
LogModuleManager: Display: Found up-to-date module file ../../../Engine/Plugins/Runtime/CustomMeshComponent/Binaries/Win64/UE4Editor-CustomMeshComponent.dll (API version 3944462).
LogModuleManager: Display: Found up-to-date module file ../../../Engine/Plugins/Runtime/ExampleDeviceProfileSelector/Binaries/Win64/UE4Editor-ExampleDeviceProfileSelector.dll (API version 3944462).
LogModuleManager: Display: Found up-to-date module file ../../../Engine/Plugins/Runtime/ImmediatePhysics/Binaries/Win64/UE4Editor-ImmediatePhysics.dll (API version 3944462).
LogModuleManager: Display: Found up-to-date module file ../../../Engine/Plugins/Runtime/ImmediatePhysics/Binaries/Win64/UE4Editor-ImmediatePhysicsEditor.dll (API version 3944462).
LogModuleManager: Display: Found up-to-date module file ../../../Engine/Plugins/Runtime/LocationServicesBPLibrary/Binaries/Win64/UE4Editor-LocationServicesBPLibrary.dll (API version 3944462).
LogModuleManager: Display: Found up-to-date module file ../../../Engine/Plugins/Runtime/MobilePatchingUtils/Binaries/Win64/UE4Editor-MobilePatchingUtils.dll (API version 3944462).
LogModuleManager: Display: Found up-to-date module file ../../../Engine/Plugins/Runtime/Oculus/OculusVR/Binaries/Win64/UE4Editor-OculusHMD.dll (API version 3944462).
LogModuleManager: Display: Found up-to-date module file ../../../Engine/Plugins/Runtime/Oculus/OculusVR/Binaries/Win64/UE4Editor-OculusInput.dll (API version 3944462).
LogModuleManager: Display: Found up-to-date module file ../../../Engine/Plugins/Runtime/Oculus/OculusVR/Binaries/Win64/UE4Editor-OculusEditor.dll (API version 3944462).
LogModuleManager: Display: Found up-to-date module file ../../../Engine/Plugins/Runtime/RuntimePhysXCooking/Binaries/Win64/UE4Editor-RuntimePhysXCooking.dll (API version 3944462).
LogModuleManager: Display: Found up-to-date module file ../../../Engine/Plugins/Runtime/Steam/SteamVR/Binaries/Win64/UE4Editor-SteamVR.dll (API version 3944462).
LogModuleManager: Display: Found up-to-date module file ../../../Engine/Plugins/Runtime/Steam/SteamVR/Binaries/Win64/UE4Editor-SteamVRController.dll (API version 3944462).
LogModuleManager: Display: Found up-to-date module file ../../../Engine/Plugins/Runtime/WindowsMoviePlayer/Binaries/Win64/UE4Editor-WindowsMoviePlayer.dll (API version 3944462).
LogPluginManager: Mounting plugin Paper2D
LogPluginManager: Mounting plugin LiveLink
LogPluginManager: Mounting plugin LightPropagationVolume
LogPluginManager: Mounting plugin CLionSourceCodeAccess
LogPluginManager: Mounting plugin CodeLiteSourceCodeAccess
LogPluginManager: Mounting plugin GitSourceControl
LogPluginManager: Mounting plugin KDevelopSourceCodeAccess
LogPluginManager: Mounting plugin NullSourceCodeAccess
LogPluginManager: Mounting plugin PerforceSourceControl
LogPluginManager: Mounting plugin SubversionSourceControl
LogPluginManager: Mounting plugin UObjectPlugin
LogPluginManager: Mounting plugin VisualStudioCodeSourceCodeAccess
LogPluginManager: Mounting plugin VisualStudioSourceCodeAccess
LogPluginManager: Mounting plugin XCodeSourceCodeAccess
LogPluginManager: Mounting plugin AssetManagerEditor
LogPluginManager: Mounting plugin CryptoKeys
LogPluginManager: Mounting plugin DataValidation
LogPluginManager: Mounting plugin FacialAnimation
LogPluginManager: Mounting plugin GameplayTagsEditor
LogPluginManager: Mounting plugin MobileLauncherProfileWizard
LogPluginManager: Mounting plugin PluginBrowser
LogPluginManager: Mounting plugin SpeedTreeImporter
LogPluginManager: Mounting plugin DatasmithContent
LogPluginManager: Mounting plugin AlembicImporter
LogPluginManager: Mounting plugin CharacterAI
LogPluginManager: Mounting plugin HTML5Networking
LogPluginManager: Mounting plugin RawInput
LogPluginManager: Mounting plugin AndroidMedia
LogPluginManager: Mounting plugin AvfMedia
LogPluginManager: Mounting plugin ImgMedia
LogPluginManager: Mounting plugin LinearTimecode
LogPluginManager: Mounting plugin MediaCompositing
LogPluginManager: Mounting plugin MediaPlayerEditor
LogPluginManager: Mounting plugin WmfMedia
LogPluginManager: Mounting plugin TcpMessaging
LogPluginManager: Mounting plugin UdpMessaging
LogPluginManager: Mounting plugin ActorSequence
LogPluginManager: Mounting plugin LevelSequenceEditor
LogPluginManager: Mounting plugin MatineeToLevelSequence
LogPluginManager: Mounting plugin NetcodeUnitTest
LogPluginManager: Mounting plugin NUTUnrealEngine4
LogPluginManager: Mounting plugin OnlineSubsystemGooglePlay
LogPluginManager: Mounting plugin OnlineSubsystemIOS
LogPluginManager: Mounting plugin OnlineSubsystem
LogPluginManager: Mounting plugin OnlineSubsystemNull
LogPluginManager: Mounting plugin OnlineSubsystemUtils
LogPluginManager: Mounting plugin AndroidDeviceProfileSelector
LogPluginManager: Mounting plugin AndroidMoviePlayer
LogPluginManager: Mounting plugin AndroidPermission
LogPluginManager: Mounting plugin AppleARKit
LogPluginManager: Mounting plugin AppleMoviePlayer
LogPluginManager: Mounting plugin ArchVisCharacter
LogPluginManager: Mounting plugin AudioCapture
LogPluginManager: Mounting plugin CableComponent
LogPluginManager: Mounting plugin CustomMeshComponent
LogPluginManager: Mounting plugin ExampleDeviceProfileSelector
LogPluginManager: Mounting plugin GoogleCloudMessaging
LogPluginManager: Mounting plugin ImmediatePhysics
LogPluginManager: Mounting plugin IOSDeviceProfileSelector
LogPluginManager: Mounting plugin LinuxDeviceProfileSelector
LogPluginManager: Mounting plugin LocationServicesBPLibrary
LogPluginManager: Mounting plugin MobilePatchingUtils
LogPluginManager: Mounting plugin OculusVR
LogPluginManager: Plugin shader directory ../../../Engine/Plugins/Runtime/Oculus/OculusVR/Shaders found
LogPluginManager: Mapping shader source directory ../../../Engine/Plugins/Runtime/Oculus/OculusVR/Shaders to virtual directory /Plugin/OculusVR
LogPluginManager: Mounting plugin PhysXVehicles
LogPluginManager: Mounting plugin ProceduralMeshComponent
LogPluginManager: Mounting plugin RuntimePhysXCooking
LogPluginManager: Mounting plugin SteamVR
LogPluginManager: Mounting plugin WindowsMoviePlayer
LogStreaming: Display: Took  1.436s to configure plugins.
LogInit: Using libcurl 7.47.1
LogInit:  - built for x86_64-pc-win32
LogInit:  - supports SSL with OpenSSL/1.0.2g
LogInit:  - supports HTTP deflate (compression) using libz 1.2.8
LogInit:  - other features:
LogInit:      CURL_VERSION_SSL
LogInit:      CURL_VERSION_LIBZ
LogInit:      CURL_VERSION_IPV6
LogInit:      CURL_VERSION_ASYNCHDNS
LogInit:      CURL_VERSION_LARGEFILE
LogInit:      CURL_VERSION_IDN
LogInit:  CurlRequestOptions (configurable via config and command line):
LogInit:  - bVerifyPeer = false  - Libcurl will NOT verify peer certificate
LogInit:  - bUseHttpProxy = false  - Libcurl will NOT use HTTP proxy
LogInit:  - bDontReuseConnections = false  - Libcurl will reuse connections
LogInit:  - CertBundlePath = nullptr  - Libcurl will use whatever was configured at build time.
LogInit:  - MaxHostConnections = 16  - Libcurl will limit the number of connections to a host
LogInit:  - LocalHostAddr = Default
LogInit: WinSock: version 1.1 (2.2), MaxSocks=32767, MaxUdp=65467
LogInit: WinSock: I am DESKTOP-O2DDUKR (192.168.1.147:0)
LogInit: Build: ++UE4+Release-4.19-CL-4033788
LogInit: Engine Version: 4.19.2-4033788+++UE4+Release-4.19
LogInit: Compatible Engine Version: 4.19.0-3944462+++UE4+Release-4.19
LogInit: Net CL: 3944462
LogDevObjectVersion: Number of dev versions registered: 18
LogDevObjectVersion:   Dev-Blueprints (B0D832E4-1F89-4F0D-ACCF-7EB736FD4AA2): 10
LogDevObjectVersion:   Dev-Build (E1C64328-A22C-4D53-A36C-8E866417BD8C): 0
LogDevObjectVersion:   Dev-Core (375EC13C-06E4-48FB-B500-84F0262A717E): 2
LogDevObjectVersion:   Dev-Editor (E4B068ED-F494-42E9-A231-DA0B2E46BB41): 23
LogDevObjectVersion:   Dev-Framework (CFFC743F-43B0-4480-9391-14DF171D2073): 33
LogDevObjectVersion:   Dev-Mobile (B02B49B5-BB20-44E9-A304-32B752E40360): 2
LogDevObjectVersion:   Dev-Networking (A4E4105C-59A1-49B5-A7C5-40C4547EDFEE): 0
LogDevObjectVersion:   Dev-Online (39C831C9-5AE6-47DC-9A44-9C173E1C8E7C): 0
LogDevObjectVersion:   Dev-Physics (78F01B33-EBEA-4F98-B9B4-84EACCB95AA2): 0
LogDevObjectVersion:   Dev-Platform (6631380F-2D4D-43E0-8009-CF276956A95A): 0
LogDevObjectVersion:   Dev-Rendering (12F88B9F-8875-4AFC-A67C-D90C383ABD29): 25
LogDevObjectVersion:   Dev-Sequencer (7B5AE74C-D270-4C10-A958-57980B212A5A): 6
LogDevObjectVersion:   Dev-VR (D7296918-1DD6-4BDD-9DE2-64A83CC13884): 1
LogDevObjectVersion:   Dev-LoadTimes (C2A15278-BFE7-4AFE-6C17-90FF531DF755): 1
LogDevObjectVersion:   Private-Geometry (6EACA3D4-40EC-4CC1-B786-8BED09428FC5): 2
LogDevObjectVersion:   Dev-AnimPhys (29E575DD-E0A3-4627-9D10-D276232CDCEA): 16
LogDevObjectVersion:   Dev-ReflectionCapture (6B266CEC-1EC7-4B8F-A30B-E4D90942FC07): 1
LogDevObjectVersion:   Dev-Automation (0DF73D61-A23F-47EA-B727-89E90C41499A): 1
LogInit: Compiled (64-bit): Apr 27 2018 02:06:57
LogInit: Compiled with Visual C++: 19.00.24215.01
LogInit: Build Configuration: Development
LogInit: Branch Name: ++UE4+Release-4.19
LogInit: Command Line: -EpicPortal 
LogInit: Base Directory: D:/Games/UE_4.19/Engine/Binaries/Win64/
LogInit: Installed Engine Build: 1
LogStreaming: Display: Took  0.000s to delete old logs.
LogInit: Presizing for max 8388607 objects, including 0 objects not considered by GC, pre-allocating 0 bytes for permanent pool.
LogInit: Object subsystem initialized
[2018.06.25-21.35.14:500][  0]LogInit: Selected Device Profile: [Windows]
[2018.06.25-21.35.14:500][  0]LogInit: Applying CVar settings loaded from the selected device profile: [Windows]
[2018.06.25-21.35.14:537][  0]LogInit: Computer: DESKTOP-O2DDUKR
[2018.06.25-21.35.14:537][  0]LogInit: User: chima
[2018.06.25-21.35.14:537][  0]LogInit: CPU Page size=4096, Cores=4
[2018.06.25-21.35.14:537][  0]LogInit: High frequency timer resolution =2.727521 MHz
[2018.06.25-21.35.14:538][  0]LogMemory: Memory total: Physical=8.0GB (8GB approx)
[2018.06.25-21.35.14:538][  0]LogMemory: Platform Memory Stats for Windows
[2018.06.25-21.35.14:538][  0]LogMemory: Process Physical Memory: 273.88 MB used, 273.88 MB peak
[2018.06.25-21.35.14:538][  0]LogMemory: Process Virtual Memory: 264.66 MB used, 264.66 MB peak
[2018.06.25-21.35.14:538][  0]LogMemory: Physical Memory: 4793.70 MB used,  3357.38 MB free, 8151.07 MB total
[2018.06.25-21.35.14:538][  0]LogMemory: Virtual Memory: 4794.11 MB used,  3357.38 MB free, 134217728.00 MB total
[2018.06.25-21.35.14:563][  0]LogInit: Using OS detected language (en-US).
[2018.06.25-21.35.14:563][  0]LogInit: Using OS detected locale (en-US).
[2018.06.25-21.35.14:569][  0]LogTextLocalizationManager: No specific localization for 'en-US' exists, so the 'en' localization will be used.
[2018.06.25-21.35.15:163][  0]LogStreaming: Display: Took  0.600s to EndInitTextLocalization.
[2018.06.25-21.35.15:164][  0]LogInit: Setting process to per monitor DPI aware
[2018.06.25-21.35.15:218][  0]LogSlate: New Slate User Created.  User Index 0, Is Virtual User: 0
[2018.06.25-21.35.15:218][  0]LogSlate: Slate User Registered.  User Index 0, Is Virtual User: 0
[2018.06.25-21.35.15:527][  0]LogD3D11RHI: D3D11 adapters:
[2018.06.25-21.35.15:604][  0]LogD3D11RHI:    0. 'NVIDIA GeForce GTX 960' (Feature Level 11_0)
[2018.06.25-21.35.15:604][  0]LogD3D11RHI:       2016/0/4075 MB DedicatedVideo/DedicatedSystem/SharedSystem, Outputs:2, VendorId:0x10de
[2018.06.25-21.35.15:606][  0]LogD3D11RHI:    1. 'Microsoft Basic Render Driver' (Feature Level 11_0)
[2018.06.25-21.35.15:606][  0]LogD3D11RHI:       0/0/4075 MB DedicatedVideo/DedicatedSystem/SharedSystem, Outputs:0, VendorId:0x1414
[2018.06.25-21.35.15:606][  0]LogD3D11RHI: Chosen D3D11 Adapter: 0
[2018.06.25-21.35.15:614][  0]LogD3D11RHI: Creating new Direct3DDevice
[2018.06.25-21.35.15:614][  0]LogD3D11RHI:     GPU DeviceId: 0x1401 (for the marketing name, search the web for "GPU Device Id")
[2018.06.25-21.35.15:615][  0]LogWindows: EnumDisplayDevices:
[2018.06.25-21.35.15:615][  0]LogWindows:    0. 'NVIDIA GeForce GTX 960' (P:1 D:1)
[2018.06.25-21.35.15:615][  0]LogWindows:    1. 'NVIDIA GeForce GTX 960' (P:0 D:1)
[2018.06.25-21.35.15:615][  0]LogWindows:    2. 'NVIDIA GeForce GTX 960' (P:0 D:0)
[2018.06.25-21.35.15:615][  0]LogWindows:    3. 'NVIDIA GeForce GTX 960' (P:0 D:0)
[2018.06.25-21.35.15:615][  0]LogWindows: DebugString: GetVideoDriverDetailsInvalid PrimaryIsNotTheChoosenAdapter GetVideoDriverDetailsInvalid PrimaryIsNotTheChoosenAdapter GetVideoDriverDetailsInvalid PrimaryIsNotTheChoosenAdapter GetVideoDriverDetailsInvalid PrimaryIsNotTheChoosenAdapter FoundDriverCount:0 
[2018.06.25-21.35.15:616][  0]LogD3D11RHI:     Adapter Name: NVIDIA GeForce GTX 960
[2018.06.25-21.35.15:616][  0]LogD3D11RHI:   Driver Version: Unknown (internal:Unknown, unified:Unknown)
[2018.06.25-21.35.15:616][  0]LogD3D11RHI:      Driver Date: Unknown
[2018.06.25-21.35.15:616][  0]LogRHI: Texture pool is 1411 MB (70% of 2016 MB)
[2018.06.25-21.35.15:656][  0]LogD3D11RHI: [Aftermath] Aftermath enabled but failed to initialize
[2018.06.25-21.35.15:656][  0]LogD3D11RHI: [Aftermath] Aftermath enabled and primed
[2018.06.25-21.35.15:656][  0]LogD3D11RHI: Async texture creation enabled
[2018.06.25-21.35.15:669][  0]LogD3D11RHI: GPU Timing Frequency: 1000.000000 (Debug: 2 1)
[2018.06.25-21.35.15:713][  0]LogShaderCompilers: Guid format shader working directory is -9 characters bigger than the processId version (C:/Users/chima/OneDrive/Desktop/RACINGGAME/VelocityWild/Intermediate/Shaders/WorkingDirectory/9672/).
[2018.06.25-21.35.15:713][  0]LogShaderCompilers: Cleaned the shader compiler working directory 'C:/Users/chima/AppData/Local/Temp/UnrealShaderWorkingDir/6AE0B7444BF122C8B0B78ABBED885648/'.
[2018.06.25-21.35.16:008][  0]LogTemp: Display: Loaded TP AllDesktopTargetPlatform
[2018.06.25-21.35.16:028][  0]LogTemp: Display: Loaded TP MacClientTargetPlatform
[2018.06.25-21.35.16:049][  0]LogTemp: Display: Loaded TP MacNoEditorTargetPlatform
[2018.06.25-21.35.16:070][  0]LogTemp: Display: Loaded TP MacServerTargetPlatform
[2018.06.25-21.35.16:090][  0]LogTemp: Display: Loaded TP MacTargetPlatform
[2018.06.25-21.35.16:113][  0]LogTemp: Display: Loaded TP WindowsClientTargetPlatform
[2018.06.25-21.35.16:131][  0]LogTemp: Display: Loaded TP WindowsNoEditorTargetPlatform
[2018.06.25-21.35.16:151][  0]LogTemp: Display: Loaded TP WindowsServerTargetPlatform
[2018.06.25-21.35.16:162][  0]LogTemp: Display: Loaded TP WindowsTargetPlatform
[2018.06.25-21.35.16:179][  0]LogTemp: Display: Loaded TP Android_ASTCTargetPlatform
[2018.06.25-21.35.16:197][  0]LogTemp: Display: Loaded TP Android_ATCTargetPlatform
[2018.06.25-21.35.16:215][  0]LogTemp: Display: Loaded TP Android_DXTTargetPlatform
[2018.06.25-21.35.16:232][  0]LogTemp: Display: Loaded TP Android_ETC1aTargetPlatform
[2018.06.25-21.35.16:249][  0]LogTemp: Display: Loaded TP Android_ETC1TargetPlatform
[2018.06.25-21.35.16:267][  0]LogTemp: Display: Loaded TP Android_ETC2TargetPlatform
[2018.06.25-21.35.16:301][  0]LogTemp: Display: Loaded TP Android_MultiTargetPlatform
[2018.06.25-21.35.16:301][  0]LogTemp: Display: Loaded TP Android_PVRTCTargetPlatform
[2018.06.25-21.35.16:320][  0]LogTemp: Display: Loaded TP AndroidTargetPlatform
[2018.06.25-21.35.16:323][  0]LogTemp: Display: Loaded TP HTML5TargetPlatform
[2018.06.25-21.35.16:368][  0]LogTemp: Display: Loaded TP IOSTargetPlatform
[2018.06.25-21.35.16:385][  0]LogTemp: Display: Loaded TP TVOSTargetPlatform
[2018.06.25-21.35.16:403][  0]LogTemp: Display: Loaded TP LinuxClientTargetPlatform
[2018.06.25-21.35.16:422][  0]LogTemp: Display: Loaded TP LinuxNoEditorTargetPlatform
[2018.06.25-21.35.16:440][  0]LogTemp: Display: Loaded TP LinuxServerTargetPlatform
[2018.06.25-21.35.16:456][  0]LogTemp: Display: Loaded TP LinuxTargetPlatform
[2018.06.25-21.35.16:456][  0]LogTargetPlatformManager: Display: Building Assets For Windows
[2018.06.25-21.35.16:590][  0]LogXGEController: Cannot use XGE Controller as Incredibuild is not installed on this machine.
[2018.06.25-21.35.16:590][  0]LogShaderCompilers: Cannot use XGE Shader Compiler as Incredibuild is not installed on this machine.
[2018.06.25-21.35.16:590][  0]LogShaderCompilers: Display: Using Local Shader Compiler.
[2018.06.25-21.35.17:627][  0]LogDerivedDataCache: Display: Max Cache Size: 512 MB
[2018.06.25-21.35.17:750][  0]LogDerivedDataCache: Loaded boot cache 0.12s 74MB C:/Users/chima/AppData/Local/UnrealEngine/4.19/DerivedDataCache/Boot.ddc.
[2018.06.25-21.35.17:750][  0]LogDerivedDataCache: Display: Loaded Boot cache: C:/Users/chima/AppData/Local/UnrealEngine/4.19/DerivedDataCache/Boot.ddc
[2018.06.25-21.35.17:750][  0]LogDerivedDataCache: FDerivedDataBackendGraph:  Pak pak cache file C:/Users/chima/OneDrive/Desktop/RACINGGAME/VelocityWild/DerivedDataCache/DDC.ddp not found, will not use a pak cache.
[2018.06.25-21.35.17:750][  0]LogDerivedDataCache: Unable to find inner node Pak for hierarchical cache Hierarchy.
[2018.06.25-21.35.17:750][  0]LogDerivedDataCache: FDerivedDataBackendGraph:  CompressedPak pak cache file C:/Users/chima/OneDrive/Desktop/RACINGGAME/VelocityWild/DerivedDataCache/Compressed.ddp not found, will not use a pak cache.
[2018.06.25-21.35.17:750][  0]LogDerivedDataCache: Unable to find inner node CompressedPak for hierarchical cache Hierarchy.
[2018.06.25-21.35.17:773][  0]LogDerivedDataCache: Display: Pak cache opened for reading ../../../Engine/DerivedDataCache/Compressed.ddp.
[2018.06.25-21.35.17:787][  0]LogDerivedDataCache: Using Local data cache path C:/Users/chima/AppData/Local/UnrealEngine/Common/DerivedDataCache: Writable
[2018.06.25-21.35.17:787][  0]LogDerivedDataCache: Shared data cache path not found in *engine.ini, will not use an Shared cache.
[2018.06.25-21.35.17:787][  0]LogDerivedDataCache: Unable to find inner node Shared for hierarchical cache Hierarchy.
[2018.06.25-21.35.17:807][  0]LogMaterial: Verifying Global Shaders for PCD3D_SM5
[2018.06.25-21.35.17:807][  0]LogSlate: Using Freetype 2.6.0
[2018.06.25-21.35.17:808][  0]LogSlate: SlateFontCache - WITH_FREETYPE: 1, WITH_HARFBUZZ: 1
[2018.06.25-21.35.17:808][  0]LogSlate: SlateFontCache - WITH_FREETYPE: 1, WITH_HARFBUZZ: 1
[2018.06.25-21.35.17:972][  0]LogAssetRegistry: FAssetRegistry took 0.0298 seconds to start up
[2018.06.25-21.35.18:521][  0]LogInit: Selected Device Profile: [Windows]
[2018.06.25-21.35.18:734][  0]LogSimplygon: Simplygon DLL not present - disabling.
[2018.06.25-21.35.18:738][  0]LogMeshReduction: Using SimplygonSwarm for distributed automatic mesh merging
[2018.06.25-21.35.18:738][  0]LogMeshReduction: Using QuadricMeshReduction for automatic static mesh reduction
[2018.06.25-21.35.18:738][  0]LogMeshReduction: No automatic skeletal mesh reduction module available
[2018.06.25-21.35.18:738][  0]LogMeshReduction: No automatic mesh merging module available
[2018.06.25-21.35.18:738][  0]LogMeshMerging: No automatic mesh merging module available
[2018.06.25-21.35.18:787][  0]LogNetVersion: VelocityWild , NetCL: 3944462, EngineNetVer: 2, GameNetVer: 0 (Checksum: 2840408733)
[2018.06.25-21.35.19:500][  0]LogPackageLocalizationCache: Processed 9 localized package path(s) for 2 prioritized culture(s) in 0.157616 seconds
[2018.06.25-21.35.19:509][  0]LogUObjectArray: 36728 objects as part of root set at end of initial load.
[2018.06.25-21.35.19:509][  0]LogUObjectAllocator: 7314312 out of 0 bytes used by permanent object pool.
[2018.06.25-21.35.19:509][  0]LogUObjectArray: CloseDisregardForGC: 0/0 objects in disregard for GC pool
[2018.06.25-21.35.21:973][  0]LogTcpMessaging: Initializing TcpMessaging bridge
[2018.06.25-21.35.22:020][  0]LogUdpMessaging: Initializing bridge on interface 0.0.0.0:0 to multicast group 230.0.0.1:6666.
[2018.06.25-21.35.22:877][  0]SourceControl: Source control is disabled
[2018.06.25-21.35.22:877][  0]SourceControl: Source control is disabled
[2018.06.25-21.35.22:899][  0]SourceControl: Source control is disabled
[2018.06.25-21.35.22:922][  0]SourceControl: Source control is disabled
[2018.06.25-21.35.23:553][  0]LogAndroidPermission: UAndroidPermissionCallbackProxy::GetInstance
[2018.06.25-21.35.23:755][  0]LogOcInput: OculusInput pre-init called
[2018.06.25-21.35.23:891][  0]LogEngine: Initializing Engine...
[2018.06.25-21.35.23:893][  0]LogHMD: Failed to initialize OpenVR with code 110
[2018.06.25-21.35.23:894][  0]LogStats: UGameplayTagsManager::ConstructGameplayTagTree: Construct from data asset -  0.000 s
[2018.06.25-21.35.23:894][  0]LogStats: UGameplayTagsManager::ConstructGameplayTagTree: GameplayTagTreeChangedEvent.Broadcast -  0.000 s
[2018.06.25-21.35.24:237][  0]LogAIModule: Creating AISystem for world Untitled
[2018.06.25-21.35.24:274][  0]LogInit: XAudio2 using 'Speakers (High Definition Audio Device)' : 2 channels at 48 kHz using 16 bits per sample (channel mask 0x3)
[2018.06.25-21.35.24:289][  0]LogInit: FAudioDevice initialized.
[2018.06.25-21.35.24:436][  0]LogDerivedDataCache: Saved boot cache 0.15s 74MB C:/Users/chima/AppData/Local/UnrealEngine/4.19/DerivedDataCache/Boot.ddc.
[2018.06.25-21.35.24:475][  0]LogInit: Texture streaming: Enabled
[2018.06.25-21.35.24:498][  0]LogEngineSessionManager: EngineSessionManager initialized
[2018.06.25-21.35.24:541][  0]LogInit: Transaction tracking system initialized
[2018.06.25-21.35.24:585][  0]BlueprintLog: New page: Editor Load
[2018.06.25-21.35.24:674][  0]LocalizationService: Localization service is disabled
[2018.06.25-21.35.24:789][  0]LogConsoleResponse: Display: 
[2018.06.25-21.35.25:057][  0]LogCook: Display: Max memory allowance for cook 16384mb min free memory 0mb
[2018.06.25-21.35.25:057][  0]LogCook: Display: Mobile HDR setting 1
[2018.06.25-21.35.25:057][  0]LogGameplayTags: Display: UGameplayTagsManager::DoneAddingNativeTags. DelegateIsBound: 0
[2018.06.25-21.35.25:057][  0]LogStats: UGameplayTagsManager::ConstructGameplayTagTree: Construct from data asset -  0.000 s
[2018.06.25-21.35.25:057][  0]LogStats: UGameplayTagsManager::ConstructGameplayTagTree: GameplayTagTreeChangedEvent.Broadcast -  0.000 s
[2018.06.25-21.35.25:510][  0]LogFileCache: Scanning file cache for directory 'C:/Users/chima/OneDrive/Desktop/RACINGGAME/VelocityWild/Content/' took 0.02s
[2018.06.25-21.35.25:510][  0]SourceControl: Source control is disabled
[2018.06.25-21.35.25:510][  0]Cmd: MAP LOAD FILE="C:/Users/chima/OneDrive/Desktop/RACINGGAME/VelocityWild/Content/VehicleBP/Maps/VehicleExampleMap.umap" TEMPLATE=0 SHOWPROGRESS=1 FEATURELEVEL=3
[2018.06.25-21.35.25:510][  0]LightingResults: New page: Lighting Build
[2018.06.25-21.35.25:514][  0]MapCheck: New page: Map Check
[2018.06.25-21.35.25:514][  0]LightingResults: New page: Lighting Build
[2018.06.25-21.35.25:722][  0]LogUObjectGlobals: Created PersistentFrame Addr=0x0000022d7f356098, Size=4, Default__Sedan_AnimBP_C Function /Game/Vehicle/Sedan/Sedan_AnimBP.Sedan_AnimBP_C:ExecuteUbergraph_Sedan_AnimBP
[2018.06.25-21.35.25:801][  0]LogUObjectGlobals: Destroyed PersistentFrame Addr=0x0000022d7f356098, Size=4
[2018.06.25-21.35.25:801][  0]LogUObjectGlobals: Created PersistentFrame Addr=0x0000022d7f356098, Size=4, Default__Sedan_AnimBP_C Function /Engine/Transient.REINST_Sedan_AnimBP_C_0:ExecuteUbergraph_Sedan_AnimBP
[2018.06.25-21.35.25:810][  0]LogUObjectGlobals: Created PersistentFrame Addr=0x0000022d7f355fc0, Size=4, Default__Sedan_AnimBP_C Function /Game/Vehicle/Sedan/Sedan_AnimBP.Sedan_AnimBP_C:ExecuteUbergraph_Sedan_AnimBP
[2018.06.25-21.35.25:846][  0]LogUObjectGlobals: Created PersistentFrame Addr=0x0000022d067e87c0, Size=160, Default__VehicleHUD_C Function /Game/VehicleBP/Blueprints/VehicleHUD.VehicleHUD_C:ExecuteUbergraph_VehicleHUD
[2018.06.25-21.35.25:876][  0]LogUObjectGlobals: Created PersistentFrame Addr=0x0000022d63eb1d80, Size=384, Default__Sedan_C Function /Game/VehicleBP/Sedan/Sedan.Sedan_C:ExecuteUbergraph_Sedan
[2018.06.25-21.35.25:978][  0]LogUObjectGlobals: Destroyed PersistentFrame Addr=0x0000022d067e87c0, Size=160
[2018.06.25-21.35.25:978][  0]LogUObjectGlobals: Created PersistentFrame Addr=0x0000022d06ee6d40, Size=160, Default__VehicleHUD_C Function /Engine/Transient.REINST_VehicleHUD_C_6:ExecuteUbergraph_VehicleHUD
[2018.06.25-21.35.25:979][  0]LogUObjectGlobals: Destroyed PersistentFrame Addr=0x0000022d63eb1d80, Size=384
[2018.06.25-21.35.25:979][  0]LogUObjectGlobals: Created PersistentFrame Addr=0x0000022d06ede800, Size=384, Default__Sedan_C Function /Engine/Transient.REINST_Sedan_C_7:ExecuteUbergraph_Sedan
[2018.06.25-21.35.26:020][  0]LogUObjectGlobals: Created PersistentFrame Addr=0x0000022d06e532e0, Size=160, Default__VehicleHUD_C Function /Game/VehicleBP/Blueprints/VehicleHUD.VehicleHUD_C:ExecuteUbergraph_VehicleHUD
[2018.06.25-21.35.26:024][  0]LogUObjectGlobals: Created PersistentFrame Addr=0x0000022d06e59f00, Size=384, Default__Sedan_C Function /Game/VehicleBP/Sedan/Sedan.Sedan_C:ExecuteUbergraph_Sedan
[2018.06.25-21.35.26:462][  0]LogSkeletalMesh: Skeletal Mesh found in DDC [37.303837ms] /Game/Vehicle/Sedan/Sedan_SkelMesh.Sedan_SkelMesh
[2018.06.25-21.35.26:894][  0]LogAIModule: Creating AISystem for world VehicleExampleMap
[2018.06.25-21.35.27:120][  0]LogEditorServer: Finished looking for orphan Actors (0.000 secs)
[2018.06.25-21.35.27:181][  0]LogUObjectGlobals: Destroyed PersistentFrame Addr=0x0000022d7f356098, Size=4
[2018.06.25-21.35.27:181][  0]LogUObjectGlobals: Destroyed PersistentFrame Addr=0x0000022d06ee6d40, Size=160
[2018.06.25-21.35.27:181][  0]LogUObjectGlobals: Destroyed PersistentFrame Addr=0x0000022d06ede800, Size=384
[2018.06.25-21.35.27:190][  0]Cmd: MAP CHECKDEP NOCLEARLOG
[2018.06.25-21.35.27:264][  0]MapCheck: Map check complete: 0 Error(s), 0 Warning(s), took 74.211ms to complete.
[2018.06.25-21.35.27:264][  0]LogFileHelpers: Loading map 'VehicleExampleMap' took 1.754
[2018.06.25-21.35.28:130][  0]LogCollectionManager: Loaded 0 collections in 0.004397 seconds
[2018.06.25-21.35.28:225][  0]LogFileCache: Scanning file cache for directory 'C:/Users/chima/OneDrive/Desktop/RACINGGAME/VelocityWild/Saved/Collections/' took 0.01s
[2018.06.25-21.35.28:225][  0]LogFileCache: Scanning file cache for directory 'C:/Users/chima/OneDrive/Desktop/RACINGGAME/VelocityWild/Content/Developers/chima/Collections/' took 0.01s
[2018.06.25-21.35.28:226][  0]LogFileCache: Scanning file cache for directory 'C:/Users/chima/OneDrive/Desktop/RACINGGAME/VelocityWild/Content/Collections/' took 0.01s
[2018.06.25-21.35.28:226][  0]LogCollectionManager: Rebuilt the GUID cache for 0 collections in 0.000000 seconds
[2018.06.25-21.35.28:250][  0]LogContentBrowser: Native class hierarchy populated in 0.0238 seconds. Added 2454 classes and 561 folders.
[2018.06.25-21.35.28:306][  0]LogContentBrowser: Native class hierarchy updated for 'WidgetCarousel' in 0.0003 seconds. Added 0 classes and 0 folders.
[2018.06.25-21.35.29:483][  0]LogContentBrowser: Native class hierarchy updated for 'AddContentDialog' in 0.0008 seconds. Added 0 classes and 0 folders.
[2018.06.25-21.35.29:578][  0]LogContentBrowser: Native class hierarchy updated for 'SceneOutliner' in 0.0006 seconds. Added 1 classes and 2 folders.
[2018.06.25-21.35.30:052][  0]LogSlate: Took 0.000621 seconds to synchronously load lazily loaded font '../../../Engine/Content/Slate/Fonts/Roboto-Regular.ttf' (155K)
[2018.06.25-21.35.30:062][  0]LogSlate: Took 0.000539 seconds to synchronously load lazily loaded font '../../../Engine/Content/Slate/Fonts/Roboto-Bold.ttf' (160K)
[2018.06.25-21.35.30:110][  0]LogSlate: Took 0.025472 seconds to synchronously load lazily loaded font '../../../Engine/Content/Editor/Slate/Fonts/FontAwesome.ttf' (139K)
[2018.06.25-21.35.30:669][  0]LogRenderer: Reallocating scene render targets to support 1208x576 Format 10 NumSamples 1 (Frame:1).
[2018.06.25-21.35.30:999][  0]LogSlate: FSceneViewport::OnFocusLost() reason 2
[2018.06.25-21.35.31:040][  0]LogSlate: Window 'Tutorials' being destroyed
[2018.06.25-21.35.31:075][  0]LogContentBrowser: Native class hierarchy updated for 'HierarchicalLODOutliner' in 0.0003 seconds. Added 0 classes and 0 folders.
[2018.06.25-21.35.31:076][  0]LogLoad: (Engine Initialization) Total time: 20.04 seconds
[2018.06.25-21.35.31:076][  0]LogLoad: (Engine Initialization) Total Blueprint compile time: 0.00 seconds
[2018.06.25-21.35.31:411][  0]LogWindowsTextInputMethodSystem: Display: IME system now deactivated.
[2018.06.25-21.35.31:417][  0]LogRawInputWindows: Warning: Found device 0 devices
[2018.06.25-21.35.31:419][  0]LogRawInputWindows: Warning: Found device 0 devices
[2018.06.25-21.35.31:419][  0]LogRawInputWindows: Warning: Device was registered succesfully but not connected (Usage:4 UsagePage:1)
[2018.06.25-21.35.31:419][  0]LogRawInputWindows: Warning: Found device 1 devices
[2018.06.25-21.35.31:419][  0]LogRawInputWindows: Warning: Device was registered succesfully but not connected (Usage:5 UsagePage:1)
[2018.06.25-21.35.31:466][  0]LogContentStreaming: Texture pool size now 1000 MB
[2018.06.25-21.35.31:538][  0]LogSlate: Took 0.017817 seconds to synchronously load lazily loaded font '../../../Engine/Content/Slate/Fonts/Roboto-Light.ttf' (167K)
[2018.06.25-21.35.31:751][  1]LogFileCache: Retrieving MD5 hashes for directory 'C:/Users/chima/OneDrive/Desktop/RACINGGAME/VelocityWild/Content/' took 0.32s
[2018.06.25-21.35.32:092][  2]LogAssetRegistry: Asset discovery search completed in 14.1427 seconds
[2018.06.25-21.35.32:095][  2]LogCollectionManager: Rebuilt the object cache for 0 collections in 0.000000 seconds (found 0 objects)
[2018.06.25-21.35.32:095][  2]LogCollectionManager: Fixed up redirectors for 0 collections in 0.000057 seconds (updated 0 objects)
[2018.06.25-21.35.34:781][ 10]LogSlate: Took 0.000501 seconds to synchronously load lazily loaded font '../../../Engine/Content/Slate/Fonts/Roboto-Light.ttf' (167K)
[2018.06.25-21.35.44:416][ 39]LogSlate: FSceneViewport::OnFocusLost() reason 0
[2018.06.25-21.37.22:110][377]LogSlate: FSceneViewport::OnFocusLost() reason 0
[2018.06.25-21.39.20:224][213]LogSlate: FSceneViewport::OnFocusLost() reason 0
[2018.06.25-21.39.20:360][229]AssetReimport: New page: Detailed File System Changes from 2:39:20 PM
[2018.06.25-21.39.20:398][229]AssetReimport: 'C:/Users/chima/OneDrive/Desktop/RACINGGAME/VelocityWild/Content/VehicleBP/Maps/RACER_01/RACER_UV.png' has been created.
[2018.06.25-21.39.33:606][675]AssetReimport: New page: Outstanding source content changes 7:39:33 AM
[2018.06.25-21.39.33:648][676]LogFactory: FactoryCreateFile: Texture with ReimportTextureFactory (0 0 C:/Users/chima/OneDrive/Desktop/RACINGGAME/VelocityWild/Content/VehicleBP/Maps/RACER_01/RACER_UV.png)
[2018.06.25-21.39.37:158][677]Cmd: OBJ SAVEPACKAGE PACKAGE="/Game/VehicleBP/Maps/RACER_01/RACER_UV" FILE="C:/Users/chima/OneDrive/Desktop/RACINGGAME/VelocityWild/Content/VehicleBP/Maps/RACER_01/RACER_UV.uasset" SILENT=true
[2018.06.25-21.39.37:450][677]LogSavePackage: Save=277.35ms
[2018.06.25-21.39.37:450][677]LogSavePackage: Moving 'C:/Users/chima/OneDrive/Desktop/RACINGGAME/VelocityWild/Saved/RACER_UVF95EC6F04D372816C9307DBA91269FAC.tmp' to 'C:/Users/chima/OneDrive/Desktop/RACINGGAME/VelocityWild/Content/VehicleBP/Maps/RACER_01/RACER_UV.uasset'
[2018.06.25-21.39.37:456][677]LogSavePackage: Display: Finished SavePackage C:/Users/chima/OneDrive/Desktop/RACINGGAME/VelocityWild/Content/VehicleBP/Maps/RACER_01/RACER_UV.uasset
[2018.06.25-21.39.40:467][ 12]AssetReimport: Importing new asset /Game/VehicleBP/Maps/RACER_01/RACER_UV.
[2018.06.25-21.39.42:540][246]LogSlate: FSceneViewport::OnFocusLost() reason 0
[2018.06.25-21.39.42:686][263]LogSlate: Window 'Message Log' being destroyed
[2018.06.25-21.39.42:694][263]LogSlate: Window 'Message Log' being destroyed
[2018.06.25-21.39.48:544][916]LogSlate: FSceneViewport::OnFocusLost() reason 0
[2018.06.25-21.40.04:790][708]LogSlate: FSceneViewport::OnFocusLost() reason 0
[2018.06.25-21.41.48:218][268]LogContentBrowser: Native class hierarchy updated for 'BlueprintGraph' in 0.0021 seconds. Added 116 classes and 0 folders.
[2018.06.25-21.41.48:884][268]LogUObjectGlobals: Created PersistentFrame Addr=0x0000022d8bea6708, Size=4, Default__SKEL_PROTO_BP_AnimBlueprint_0_C Function /Engine/Transient.SKEL_PROTO_BP_AnimBlueprint_0_C:ExecuteUbergraph_PROTO_BP_AnimBlueprint_0
[2018.06.25-21.41.48:885][268]LogUObjectGlobals: Created PersistentFrame Addr=0x0000022d8bea6700, Size=4, Default__PROTO_BP_AnimBlueprint_0_C Function /Engine/Transient.PROTO_BP_AnimBlueprint_0_C:ExecuteUbergraph_PROTO_BP_AnimBlueprint_0
[2018.06.25-21.41.50:281][268]LogSlate: Took 0.031969 seconds to synchronously load lazily loaded font '../../../Engine/Content/Slate/Fonts/Roboto-BoldCondensed.ttf' (158K)
[2018.06.25-21.41.52:844][365]LogSlate: Took 0.021812 seconds to synchronously load lazily loaded font '../../../Engine/Content/Slate/Fonts/Roboto-Italic.ttf' (157K)
[2018.06.25-21.42.12:708][592]LogSlate: FSceneViewport::OnFocusLost() reason 0
[2018.06.25-21.42.29:656][637]LogSlate: FSceneViewport::OnFocusLost() reason 0
[2018.06.25-21.42.46:926][786]LogSlate: Window 'Sedan' being destroyed
[2018.06.25-21.42.46:935][786]LogSlate: Window 'Sedan' being destroyed
[2018.06.25-21.43.10:963][816]LogContentBrowser: Native class hierarchy updated for 'SkeletonEditor' in 0.0006 seconds. Added 1 classes and 2 folders.
[2018.06.25-21.43.11:579][816]LogActorComponent: RegisterComponentWithWorld: (/Engine/Transient.World_7:PersistentLevel.Actor_0.DebugSkelMeshComponent_0) Already registered. Aborting.
[2018.06.25-21.43.11:583][816]LogContentBrowser: Native class hierarchy updated for 'PinnedCommandList' in 0.0003 seconds. Added 1 classes and 0 folders.
[2018.06.25-21.43.11:715][816]LogSkeletalMesh: USkeletalMeshComponent::InitArticulated : Bodies already created (/Engine/Transient.World_7:PersistentLevel.Actor_0.DebugSkelMeshComponent_0) - call TermArticulated first.
[2018.06.25-21.43.12:712][816]LogContentBrowser: Native class hierarchy updated for 'ClothingSystemEditorInterface' in 0.0003 seconds. Added 1 classes and 0 folders.
[2018.06.25-21.43.22:221][333]LogSlate: FSceneViewport::OnFocusLost() reason 0
[2018.06.25-21.44.00:933][ 69]LogSlate: Window 'Sedan_SkelMesh' being destroyed
[2018.06.25-21.44.00:942][ 69]LogSlate: Window 'Sedan_SkelMesh' being destroyed
[2018.06.25-21.45.33:147][851]LogActorFactory: Actor Factory created SM_Chair
[2018.06.25-21.45.39:226][462]LogSlate: FSceneViewport::OnFocusLost() reason 2
[2018.06.25-21.45.41:478][683]LogActorFactory: Actor Factory created SM_Couch
[2018.06.25-21.45.51:516][758]LogSlate: FSceneViewport::OnFocusLost() reason 2
[2018.06.25-21.46.11:981][293]LogSlate: FSceneViewport::OnFocusLost() reason 2
[2018.06.25-21.46.13:232][394]LogSlate: FSceneViewport::OnFocusLost() reason 2
[2018.06.25-21.46.14:432][489]LogSlate: FSceneViewport::OnFocusLost() reason 2
[2018.06.25-21.46.14:502][491]LogSlate: FSceneViewport::OnFocusLost() reason 2
[2018.06.25-21.46.19:387][886]LogSlate: FSceneViewport::OnFocusLost() reason 2
[2018.06.25-21.46.21:489][ 59]LogSlate: FSceneViewport::OnFocusLost() reason 2
[2018.06.25-21.46.22:217][107]LogSlate: FSceneViewport::OnFocusLost() reason 2
[2018.06.25-21.46.24:384][269]LogSlate: FSceneViewport::OnFocusLost() reason 2
[2018.06.25-21.46.27:836][548]LogSlate: FSceneViewport::OnFocusLost() reason 2
[2018.06.25-21.48.46:142][548]LogSlate: Window 'Save Asset As' being destroyed
[2018.06.25-21.48.47:222][613]LogSlate: FSceneViewport::OnFocusLost() reason 2
[2018.06.25-21.48.51:541][909]LogSlate: FSceneViewport::OnFocusLost() reason 2
[2018.06.25-21.48.53:326][ 53]LogSlate: FSceneViewport::OnFocusLost() reason 2
[2018.06.25-21.49.17:774][869]LogSlate: FSceneViewport::OnFocusLost() reason 0
[2018.06.25-21.49.17:908][881]LogSlate: Window 'SM_Couch' being destroyed
[2018.06.25-21.49.17:918][881]LogSlate: Window 'SM_Couch' being destroyed
[2018.06.25-21.49.19:161][992]LogEditorViewport: Clicking on Actor (LMB): Sedan_C (Sedan)
[2018.06.25-21.49.21:283][125]LogSlate: FSceneViewport::OnFocusLost() reason 2
[2018.06.25-21.49.36:849][235]LogSlate: FSceneViewport::OnFocusLost() reason 2
[2018.06.25-21.49.44:888][235]LogSlate: Window 'FBX Export Options' being destroyed
[2018.06.25-21.49.44:958][235]LogFbx: Warning: FBX version number for this version of the FBX SDK is 7.5.0


[2018.06.25-21.56.15:653][396]LogSlate: FSceneViewport::OnFocusLost() reason 0
[2018.06.25-21.56.28:479][561]LogSlate: FSceneViewport::OnFocusLost() reason 0
[2018.06.25-21.56.28:732][572]LogSlate: Window 'VelocityWild - Unreal Editor' being destroyed
[2018.06.25-21.56.29:004][573]Cmd: QUIT_EDITOR
[2018.06.25-21.56.29:035][573]LogWindowsTextInputMethodSystem: Display: IME system now deactivated.
[2018.06.25-21.56.29:053][573]LogExit: Preparing to exit.
[2018.06.25-21.56.29:879][573]LogExit: Editor shut down
[2018.06.25-21.56.29:892][573]LogExit: Transaction tracking system shut down
[2018.06.25-21.56.29:892][573]LogUObjectGlobals: Destroyed PersistentFrame Addr=0x0000022d7f355fc0, Size=4
[2018.06.25-21.56.29:894][573]LogUObjectGlobals: Destroyed PersistentFrame Addr=0x0000022d06e532e0, Size=160
[2018.06.25-21.56.29:894][573]LogUObjectGlobals: Destroyed PersistentFrame Addr=0x0000022d06e59f00, Size=384
[2018.06.25-21.56.29:904][573]LogUObjectGlobals: Destroyed PersistentFrame Addr=0x0000022d8bea6708, Size=4
[2018.06.25-21.56.29:904][573]LogUObjectGlobals: Destroyed PersistentFrame Addr=0x0000022d8bea6700, Size=4
[2018.06.25-21.56.30:007][573]LogDirectoryWatcher: A directory notification for '../../../Engine/Content/' was aborted.
[2018.06.25-21.56.30:007][573]LogDirectoryWatcher: A directory notification for 'C:/Users/chima/OneDrive/Desktop/RACINGGAME/VelocityWild/Content/' was aborted.
[2018.06.25-21.56.30:007][573]LogDirectoryWatcher: A directory notification for '../../Plugins/2D/Paper2D/Content/' was aborted.
[2018.06.25-21.56.30:007][573]LogDirectoryWatcher: A directory notification for '../../Plugins/Enterprise/DatasmithContent/Content/' was aborted.
[2018.06.25-21.56.30:007][573]LogDirectoryWatcher: A directory notification for '../../Plugins/Media/MediaCompositing/Content/' was aborted.
[2018.06.25-21.56.30:008][573]LogDirectoryWatcher: A directory notification for '../../Plugins/Runtime/AppleARKit/Content/' was aborted.
[2018.06.25-21.56.30:008][573]LogDirectoryWatcher: A directory notification for '../../Plugins/Runtime/Oculus/OculusVR/Content/' was aborted.
[2018.06.25-21.56.30:008][573]LogDirectoryWatcher: A directory notification for '../../Plugins/Runtime/Steam/SteamVR/Content/' was aborted.
[2018.06.25-21.56.30:138][573]LogExit: Object subsystem successfully closed.
[2018.06.25-21.56.30:160][573]LogShaderCompilers: Display: Shaders left to compile 0
[2018.06.25-21.56.30:165][573]LogD3D11RHI: Shutdown
[2018.06.25-21.56.30:165][573]LogD3D11RHI: CleanupD3DDevice
[2018.06.25-21.56.30:174][573]LogD3D11RHI: ~FD3D11DynamicRHI
[2018.06.25-21.56.30:195][573]LogModuleManager: Shutting down and abandoning module StaticMeshEditor (586)
[2018.06.25-21.56.30:195][573]LogModuleManager: Shutting down and abandoning module ClothingSystemEditorInterface (584)
[2018.06.25-21.56.30:195][573]LogModuleManager: Shutting down and abandoning module PinnedCommandList (582)
[2018.06.25-21.56.30:195][573]LogModuleManager: Shutting down and abandoning module SkeletonEditor (580)
[2018.06.25-21.56.30:195][573]LogModuleManager: Shutting down and abandoning module BlueprintGraph (578)
[2018.06.25-21.56.30:195][573]LogModuleManager: Shutting down and abandoning module HierarchicalLODOutliner (576)
[2018.06.25-21.56.30:195][573]LogModuleManager: Shutting down and abandoning module SceneOutliner (574)
[2018.06.25-21.56.30:195][573]LogModuleManager: Shutting down and abandoning module AddContentDialog (572)
[2018.06.25-21.56.30:195][573]LogDirectoryWatcher: A directory notification for 'D:/Games/UE_4.19/FeaturePacks/' was aborted.
[2018.06.25-21.56.30:199][573]LogModuleManager: Shutting down and abandoning module WidgetCarousel (571)
[2018.06.25-21.56.30:199][573]LogModuleManager: Shutting down and abandoning module EditorWidgets (568)
[2018.06.25-21.56.30:199][573]LogModuleManager: Shutting down and abandoning module CollectionManager (566)
[2018.06.25-21.56.30:199][573]LogDirectoryWatcher: A directory notification for 'C:/Users/chima/OneDrive/Desktop/RACINGGAME/VelocityWild/Content/Collections/' was aborted.
[2018.06.25-21.56.30:199][573]LogDirectoryWatcher: A directory notification for 'C:/Users/chima/OneDrive/Desktop/RACINGGAME/VelocityWild/Content/Developers/chima/Collections/' was aborted.
[2018.06.25-21.56.30:199][573]LogDirectoryWatcher: A directory notification for 'C:/Users/chima/OneDrive/Desktop/RACINGGAME/VelocityWild/Saved/Collections/' was aborted.
[2018.06.25-21.56.30:200][573]LogModuleManager: Shutting down and abandoning module StatsViewer (564)
[2018.06.25-21.56.30:200][573]LogModuleManager: Shutting down and abandoning module FoliageEdit (562)
[2018.06.25-21.56.30:200][573]LogModuleManager: Shutting down and abandoning module LandscapeEditor (560)
[2018.06.25-21.56.30:200][573]LogModuleManager: Shutting down and abandoning module MeshPaintMode (558)
[2018.06.25-21.56.30:200][573]LogModuleManager: Shutting down and abandoning module SceneDepthPickerMode (556)
[2018.06.25-21.56.30:200][573]LogModuleManager: Shutting down and abandoning module ActorPickerMode (554)
[2018.06.25-21.56.30:200][573]LogModuleManager: Shutting down and abandoning module GeometryMode (552)
[2018.06.25-21.56.30:200][573]LogModuleManager: Shutting down and abandoning module TextureAlignMode (550)
[2018.06.25-21.56.30:200][573]LogModuleManager: Shutting down and abandoning module BspMode (548)
[2018.06.25-21.56.30:200][573]LogModuleManager: Shutting down and abandoning module PIEPreviewDeviceProfileSelector (546)
[2018.06.25-21.56.30:200][573]LogModuleManager: Shutting down and abandoning module HardwareSurvey (544)
[2018.06.25-21.56.30:200][573]LogModuleManager: Shutting down and abandoning module SequenceRecorderSections (542)
[2018.06.25-21.56.30:200][573]LogModuleManager: Shutting down and abandoning module AutomationWorker (540)
[2018.06.25-21.56.30:200][573]LogModuleManager: Shutting down and abandoning module AudioCaptureEditor (538)
[2018.06.25-21.56.30:200][573]LogModuleManager: Shutting down and abandoning module SequenceRecorder (537)
[2018.06.25-21.56.30:200][573]LogModuleManager: Shutting down and abandoning module MatineeToLevelSequence (534)
[2018.06.25-21.56.30:200][573]LogModuleManager: Shutting down and abandoning module LevelSequenceEditor (532)
[2018.06.25-21.56.30:200][573]LogModuleManager: Shutting down and abandoning module PlacementMode (531)
[2018.06.25-21.56.30:200][573]LogModuleManager: Shutting down and abandoning module MaterialEditor (530)
[2018.06.25-21.56.30:200][573]LogModuleManager: Shutting down and abandoning module WmfMediaFactory (526)
[2018.06.25-21.56.30:200][573]LogModuleManager: Shutting down and abandoning module WmfMediaEditor (524)
[2018.06.25-21.56.30:201][573]LogModuleManager: Shutting down and abandoning module MediaPlayerEditor (522)
[2018.06.25-21.56.30:201][573]LogModuleManager: Shutting down and abandoning module OpenExrWrapper (520)
[2018.06.25-21.56.30:201][573]LogModuleManager: Shutting down and abandoning module ImgMediaFactory (518)
[2018.06.25-21.56.30:201][573]LogModuleManager: Shutting down and abandoning module ImgMediaEditor (516)
[2018.06.25-21.56.30:201][573]LogModuleManager: Shutting down and abandoning module AvfMediaFactory (514)
[2018.06.25-21.56.30:201][573]LogModuleManager: Shutting down and abandoning module AvfMediaEditor (512)
[2018.06.25-21.56.30:201][573]LogModuleManager: Shutting down and abandoning module AndroidMediaFactory (510)
[2018.06.25-21.56.30:201][573]LogModuleManager: Shutting down and abandoning module AndroidMediaEditor (508)
[2018.06.25-21.56.30:201][573]LogModuleManager: Shutting down and abandoning module CharacterAI (506)
[2018.06.25-21.56.30:201][573]LogModuleManager: Shutting down and abandoning module SmartSnapping (504)
[2018.06.25-21.56.30:201][573]LogModuleManager: Shutting down and abandoning module SessionServices (502)
[2018.06.25-21.56.30:201][573]LogModuleManager: Shutting down and abandoning module ViewportSnapping (500)
[2018.06.25-21.56.30:201][573]LogModuleManager: Shutting down and abandoning module ViewportInteraction (498)
[2018.06.25-21.56.30:201][573]LogModuleManager: Shutting down and abandoning module ClothPainter (496)
[2018.06.25-21.56.30:201][573]LogModuleManager: Shutting down and abandoning module SkeletalMeshEditor (495)
[2018.06.25-21.56.30:201][573]LogModuleManager: Shutting down and abandoning module LogVisualizer (492)
[2018.06.25-21.56.30:201][573]LogModuleManager: Shutting down and abandoning module IntroTutorials (490)
[2018.06.25-21.56.30:201][573]LogModuleManager: Shutting down and abandoning module GameProjectGeneration (489)
[2018.06.25-21.56.30:201][573]LogModuleManager: Shutting down and abandoning module IOSPlatformEditor (486)
[2018.06.25-21.56.30:201][573]LogModuleManager: Shutting down and abandoning module HTML5PlatformEditor (484)
[2018.06.25-21.56.30:201][573]LogModuleManager: Shutting down and abandoning module AndroidPlatformEditor (482)
[2018.06.25-21.56.30:201][573]LogModuleManager: Shutting down and abandoning module AndroidDeviceDetection (481)
[2018.06.25-21.56.30:705][573]LogModuleManager: Shutting down and abandoning module WindowsPlatformEditor (478)
[2018.06.25-21.56.30:705][573]LogModuleManager: Shutting down and abandoning module IOSRuntimeSettings (476)
[2018.06.25-21.56.30:705][573]LogModuleManager: Shutting down and abandoning module AndroidRuntimeSettings (474)
[2018.06.25-21.56.30:705][573]LogModuleManager: Shutting down and abandoning module InputBindingEditor (472)
[2018.06.25-21.56.30:705][573]LogModuleManager: Shutting down and abandoning module MergeActors (470)
[2018.06.25-21.56.30:705][573]LogModuleManager: Shutting down and abandoning module LocalizationDashboard (468)
[2018.06.25-21.56.30:705][573]LogModuleManager: Shutting down and abandoning module LocalizationService (467)
[2018.06.25-21.56.30:705][573]LogModuleManager: Shutting down and abandoning module HardwareTargeting (464)
[2018.06.25-21.56.30:705][573]LogModuleManager: Shutting down and abandoning module DeviceProfileEditor (462)
[2018.06.25-21.56.30:705][573]LogModuleManager: Shutting down and abandoning module UndoHistory (460)
[2018.06.25-21.56.30:705][573]LogModuleManager: Shutting down and abandoning module XmlParser (458)
[2018.06.25-21.56.30:705][573]LogModuleManager: Shutting down and abandoning module Blutility (456)
[2018.06.25-21.56.30:705][573]LogModuleManager: Shutting down and abandoning module ProjectSettingsViewer (454)
[2018.06.25-21.56.30:705][573]LogModuleManager: Shutting down and abandoning module ProjectTargetPlatformEditor (453)
[2018.06.25-21.56.30:706][573]LogModuleManager: Shutting down and abandoning module EditorSettingsViewer (450)
[2018.06.25-21.56.30:706][573]LogModuleManager: Shutting down and abandoning module SettingsEditor (448)
[2018.06.25-21.56.30:706][573]LogModuleManager: Shutting down and abandoning module ProjectLauncher (446)
[2018.06.25-21.56.30:706][573]LogModuleManager: Shutting down and abandoning module SessionFrontend (444)
[2018.06.25-21.56.30:706][573]LogModuleManager: Shutting down and abandoning module ProfilerClient (442)
[2018.06.25-21.56.30:706][573]LogModuleManager: Shutting down and abandoning module DeviceManager (440)
[2018.06.25-21.56.30:706][573]LogModuleManager: Shutting down and abandoning module TargetDeviceServices (439)
[2018.06.25-21.56.30:772][573]LogModuleManager: Shutting down and abandoning module AutomationController (436)
[2018.06.25-21.56.30:772][573]LogModuleManager: Shutting down and abandoning module AutomationWindow (434)
[2018.06.25-21.56.30:772][573]LogModuleManager: Shutting down and abandoning module Layers (432)
[2018.06.25-21.56.30:772][573]LogModuleManager: Shutting down and abandoning module ComponentVisualizers (430)
[2018.06.25-21.56.30:772][573]LogModuleManager: Shutting down and abandoning module DetailCustomizations (428)
[2018.06.25-21.56.30:772][573]LogModuleManager: Shutting down and abandoning module PackagesDialog (426)
[2018.06.25-21.56.30:772][573]LogModuleManager: Shutting down and abandoning module Persona (424)
[2018.06.25-21.56.30:773][573]LogModuleManager: Shutting down and abandoning module AdvancedPreviewScene (423)
[2018.06.25-21.56.30:773][573]LogModuleManager: Shutting down and abandoning module AnimGraph (421)
[2018.06.25-21.56.30:773][573]LogModuleManager: Shutting down and abandoning module Kismet (418)
[2018.06.25-21.56.30:781][573]LogModuleManager: Shutting down and abandoning module GraphEditor (416)
[2018.06.25-21.56.30:781][573]LogModuleManager: Shutting down and abandoning module ClassViewer (414)
[2018.06.25-21.56.30:781][573]LogModuleManager: Shutting down and abandoning module Toolbox (412)
[2018.06.25-21.56.30:781][573]LogModuleManager: Shutting down and abandoning module ModuleUI (410)
[2018.06.25-21.56.30:781][573]LogModuleManager: Shutting down and abandoning module MovieSceneTools (408)
[2018.06.25-21.56.30:782][573]LogModuleManager: Shutting down and abandoning module OutputLog (406)
[2018.06.25-21.56.30:782][573]LogModuleManager: Shutting down and abandoning module GammaUI (404)
[2018.06.25-21.56.30:782][573]LogModuleManager: Shutting down and abandoning module Documentation (402)
[2018.06.25-21.56.30:782][573]LogModuleManager: Shutting down and abandoning module MovieSceneTracks (400)
[2018.06.25-21.56.30:782][573]LogModuleManager: Shutting down and abandoning module MovieScene (398)
[2018.06.25-21.56.30:782][573]LogModuleManager: Shutting down and abandoning module StreamingPauseRendering (396)
[2018.06.25-21.56.30:782][573]LogModuleManager: Shutting down and abandoning module LauncherPlatform (394)
[2018.06.25-21.56.30:782][573]LogModuleManager: Shutting down and abandoning module AnalyticsET (392)
[2018.06.25-21.56.30:782][573]LogModuleManager: Shutting down and abandoning module PortalServices (390)
[2018.06.25-21.56.30:782][573]LogModuleManager: Shutting down and abandoning module PortalRpc (388)
[2018.06.25-21.56.30:782][573]LogModuleManager: Shutting down and abandoning module MessagingRpc (386)
[2018.06.25-21.56.30:782][573]LogModuleManager: Shutting down and abandoning module AIModule (384)
[2018.06.25-21.56.30:782][573]LogModuleManager: Shutting down and abandoning module GameplayDebugger (383)
[2018.06.25-21.56.30:782][573]LogModuleManager: Shutting down and abandoning module AITestSuite (381)
[2018.06.25-21.56.30:782][573]LogModuleManager: Shutting down and abandoning module DesktopPlatform (378)
[2018.06.25-21.56.30:782][573]LogModuleManager: Shutting down and abandoning module ProfilerService (376)
[2018.06.25-21.56.30:940][573]LogModuleManager: Shutting down and abandoning module TaskGraph (374)
[2018.06.25-21.56.30:940][573]LogModuleManager: Shutting down and abandoning module SteamVRController (372)
[2018.06.25-21.56.30:940][573]LogModuleManager: Shutting down and abandoning module ProceduralMeshComponentEditor (370)
[2018.06.25-21.56.30:940][573]LogModuleManager: Shutting down and abandoning module ProceduralMeshComponent (368)
[2018.06.25-21.56.30:940][573]LogModuleManager: Shutting down and abandoning module OculusInput (366)
[2018.06.25-21.56.30:940][573]LogModuleManager: Shutting down and abandoning module MobilePatchingUtils (364)
[2018.06.25-21.56.30:940][573]LogModuleManager: Shutting down and abandoning module CustomMeshComponent (362)
[2018.06.25-21.56.30:940][573]LogModuleManager: Shutting down and abandoning module CableComponent (360)
[2018.06.25-21.56.30:940][573]LogModuleManager: Shutting down and abandoning module AudioCapture (358)
[2018.06.25-21.56.30:940][573]LogModuleManager: Shutting down and abandoning module ArchVisCharacter (356)
[2018.06.25-21.56.30:940][573]LogModuleManager: Shutting down and abandoning module AndroidPermission (354)
[2018.06.25-21.56.30:940][573]LogModuleManager: Shutting down and abandoning module NUTUnrealEngine4 (350)
[2018.06.25-21.56.30:940][573]LogModuleManager: Shutting down and abandoning module NetcodeUnitTest (348)
[2018.06.25-21.56.30:940][573]LogModuleManager: Shutting down and abandoning module MediaCompositingEditor (346)
[2018.06.25-21.56.30:940][573]LogModuleManager: Shutting down and abandoning module MediaCompositing (344)
[2018.06.25-21.56.30:940][573]LogModuleManager: Shutting down and abandoning module LinearTimecode (342)
[2018.06.25-21.56.30:940][573]LogModuleManager: Shutting down and abandoning module ImgMedia (340)
[2018.06.25-21.56.30:947][573]LogModuleManager: Shutting down and abandoning module RawInput (338)
[2018.06.25-21.56.30:948][573]LogSlate: Slate User Destroyed.  User Index 0, Is Virtual User: 0
[2018.06.25-21.56.30:948][573]LogModuleManager: Shutting down and abandoning module HTML5Networking (336)
[2018.06.25-21.56.30:948][573]LogModuleManager: Shutting down and abandoning module AlembicImporter (334)
[2018.06.25-21.56.30:948][573]LogModuleManager: Shutting down and abandoning module AlembicLibrary (333)
[2018.06.25-21.56.30:948][573]LogModuleManager: Shutting down and abandoning module GeometryCache (332)
[2018.06.25-21.56.30:948][573]LogModuleManager: Shutting down and abandoning module GeometryCacheEd (331)
[2018.06.25-21.56.30:948][573]LogModuleManager: Shutting down and abandoning module DatasmithContent (326)
[2018.06.25-21.56.30:948][573]LogModuleManager: Shutting down and abandoning module SpeedTreeImporter (324)
[2018.06.25-21.56.30:948][573]LogModuleManager: Shutting down and abandoning module PluginBrowser (322)
[2018.06.25-21.56.30:948][573]LogModuleManager: Shutting down and abandoning module MobileLauncherProfileWizard (320)
[2018.06.25-21.56.30:948][573]LogModuleManager: Shutting down and abandoning module CryptoKeysOpenSSL (318)
[2018.06.25-21.56.30:948][573]LogModuleManager: Shutting down and abandoning module CryptoKeys (316)
[2018.06.25-21.56.30:948][573]LogModuleManager: Shutting down and abandoning module VisualStudioSourceCodeAccess (314)
[2018.06.25-21.56.30:948][573]LogModuleManager: Shutting down and abandoning module VisualStudioCodeSourceCodeAccess (312)
[2018.06.25-21.56.30:949][573]LogModuleManager: Shutting down and abandoning module UObjectPlugin (310)
[2018.06.25-21.56.30:949][573]LogModuleManager: Shutting down and abandoning module SubversionSourceControl (308)
[2018.06.25-21.56.30:949][573]LogModuleManager: Shutting down and abandoning module PerforceSourceControl (306)
[2018.06.25-21.56.30:949][573]LogModuleManager: Shutting down and abandoning module GitSourceControl (304)
[2018.06.25-21.56.30:949][573]LogModuleManager: Shutting down and abandoning module SourceControl (303)
[2018.06.25-21.56.30:949][573]LogModuleManager: Shutting down and abandoning module CLionSourceCodeAccess (300)
[2018.06.25-21.56.30:949][573]LogModuleManager: Shutting down and abandoning module LightPropagationVolumeEditor (298)
[2018.06.25-21.56.30:949][573]LogModuleManager: Shutting down and abandoning module PaperTiledImporter (296)
[2018.06.25-21.56.30:949][573]LogModuleManager: Shutting down and abandoning module PaperSpriteSheetImporter (294)
[2018.06.25-21.56.30:949][573]LogModuleManager: Shutting down and abandoning module Paper2DEditor (292)
[2018.06.25-21.56.30:949][573]LogModuleManager: Shutting down and abandoning module MeshPaint (291)
[2018.06.25-21.56.30:949][573]LogModuleManager: Shutting down and abandoning module RuntimePhysXCooking (288)
[2018.06.25-21.56.30:949][573]LogModuleManager: Shutting down and abandoning module PhysXVehiclesEditor (286)
[2018.06.25-21.56.30:949][573]LogModuleManager: Shutting down and abandoning module PhysXVehicles (284)
[2018.06.25-21.56.30:949][573]LogModuleManager: Shutting down and abandoning module OculusEditor (282)
[2018.06.25-21.56.30:949][573]LogModuleManager: Shutting down and abandoning module LocationServicesBPLibrary (280)
[2018.06.25-21.56.30:949][573]LogModuleManager: Shutting down and abandoning module ImmediatePhysicsEditor (278)
[2018.06.25-21.56.30:950][573]LogModuleManager: Shutting down and abandoning module ImmediatePhysics (276)
[2018.06.25-21.56.30:950][573]LogModuleManager: Shutting down and abandoning module ActorSequence (274)
[2018.06.25-21.56.30:950][573]LogModuleManager: Shutting down and abandoning module UdpMessaging (272)
[2018.06.25-21.56.31:051][573]LogModuleManager: Shutting down and abandoning module TcpMessaging (270)
[2018.06.25-21.56.31:152][573]LogModuleManager: Shutting down and abandoning module GameplayTagsEditor (268)
[2018.06.25-21.56.31:152][573]LogModuleManager: Shutting down and abandoning module FacialAnimationEditor (266)
[2018.06.25-21.56.31:152][573]LogModuleManager: Shutting down and abandoning module FacialAnimation (264)
[2018.06.25-21.56.31:152][573]LogModuleManager: Shutting down and abandoning module DataValidation (262)
[2018.06.25-21.56.31:152][573]LogModuleManager: Shutting down and abandoning module AssetManagerEditor (260)
[2018.06.25-21.56.31:152][573]LogModuleManager: Shutting down and abandoning module LevelEditor (259)
[2018.06.25-21.56.31:153][573]LogModuleManager: Shutting down and abandoning module PixelInspectorModule (258)
[2018.06.25-21.56.31:153][573]LogModuleManager: Shutting down and abandoning module CommonMenuExtensions (256)
[2018.06.25-21.56.31:153][573]LogModuleManager: Shutting down and abandoning module MainFrame (254)
[2018.06.25-21.56.31:153][573]LogModuleManager: Shutting down and abandoning module HotReload (253)
[2018.06.25-21.56.31:154][573]LogModuleManager: Shutting down and abandoning module ContentBrowser (249)
[2018.06.25-21.56.31:155][573]LogModuleManager: Shutting down and abandoning module TreeMap (247)
[2018.06.25-21.56.31:155][573]LogModuleManager: Shutting down and abandoning module LightPropagationVolumeRuntime (244)
[2018.06.25-21.56.31:155][573]LogModuleManager: Shutting down and abandoning module LiveLinkEditor (242)
[2018.06.25-21.56.31:155][573]LogModuleManager: Shutting down and abandoning module LiveLink (240)
[2018.06.25-21.56.31:515][573]LogModuleManager: Shutting down and abandoning module Paper2D (238)
[2018.06.25-21.56.31:515][573]LogModuleManager: Shutting down and abandoning module WindowsMoviePlayer (236)
[2018.06.25-21.56.31:515][573]LogModuleManager: Shutting down and abandoning module WmfMedia (234)
[2018.06.25-21.56.31:530][573]LogModuleManager: Shutting down and abandoning module Media (233)
[2018.06.25-21.56.31:538][573]LogModuleManager: Shutting down and abandoning module PacketHandler (230)
[2018.06.25-21.56.31:538][573]LogModuleManager: Shutting down and abandoning module ClothingSystemEditor (228)
[2018.06.25-21.56.31:538][573]LogModuleManager: Shutting down and abandoning module ClothingSystemRuntime (226)
[2018.06.25-21.56.31:538][573]LogModuleManager: Shutting down and abandoning module MediaAssets (224)
[2018.06.25-21.56.31:538][573]LogModuleManager: Shutting down and abandoning module Overlay (222)
[2018.06.25-21.56.31:538][573]LogModuleManager: Shutting down and abandoning module OverlayEditor (221)
[2018.06.25-21.56.31:538][573]LogModuleManager: Shutting down and abandoning module VREditor (218)
[2018.06.25-21.56.31:539][573]LogModuleManager: Shutting down and abandoning module StringTableEditor (216)
[2018.06.25-21.56.31:539][573]LogModuleManager: Shutting down and abandoning module GameplayTasksEditor (214)
[2018.06.25-21.56.31:539][573]LogModuleManager: Shutting down and abandoning module BehaviorTreeEditor (212)
[2018.06.25-21.56.31:539][573]LogModuleManager: Shutting down and abandoning module FunctionalTesting (210)
[2018.06.25-21.56.31:539][573]LogModuleManager: Shutting down and abandoning module CollisionAnalyzer (208)
[2018.06.25-21.56.31:539][573]LogModuleManager: Shutting down and abandoning module WorkspaceMenuStructure (207)
[2018.06.25-21.56.31:539][573]LogModuleManager: Shutting down and abandoning module UMG (204)
[2018.06.25-21.56.31:539][573]LogModuleManager: Shutting down and abandoning module UMGEditor (203)
[2018.06.25-21.56.31:539][573]LogModuleManager: Shutting down and abandoning module Sequencer (202)
[2018.06.25-21.56.31:540][573]LogModuleManager: Shutting down and abandoning module MessageLog (199)
[2018.06.25-21.56.31:540][573]LogModuleManager: Shutting down and abandoning module SlateReflector (194)
[2018.06.25-21.56.31:540][573]LogModuleManager: Shutting down and abandoning module Slate (192)
[2018.06.25-21.56.31:540][573]LogModuleManager: Shutting down and abandoning module EditorStyle (190)
[2018.06.25-21.56.31:544][573]LogModuleManager: Shutting down and abandoning module MRMesh (188)
[2018.06.25-21.56.31:544][573]LogModuleManager: Shutting down and abandoning module SourceCodeAccess (186)
[2018.06.25-21.56.31:544][573]LogModuleManager: Shutting down and abandoning module HeadMountedDisplay (184)
[2018.06.25-21.56.31:545][573]LogModuleManager: Shutting down and abandoning module XAudio2 (182)
[2018.06.25-21.56.31:545][573]LogModuleManager: Shutting down and abandoning module Networking (180)
[2018.06.25-21.56.31:545][573]LogModuleManager: Shutting down and abandoning module Core (178)
[2018.06.25-21.56.31:545][573]LogModuleManager: Shutting down and abandoning module LevelSequence (176)
[2018.06.25-21.56.31:545][573]LogModuleManager: Shutting down and abandoning module KismetCompiler (174)
[2018.06.25-21.56.31:545][573]LogModuleManager: Shutting down and abandoning module MeshUtilities (172)
[2018.06.25-21.56.31:545][573]LogModuleManager: Shutting down and abandoning module MeshMergeUtilities (171)
[2018.06.25-21.56.31:545][573]LogModuleManager: Shutting down and abandoning module MeshReductionInterface (170)
[2018.06.25-21.56.31:545][573]LogModuleManager: Shutting down and abandoning module SimplygonSwarm (169)
[2018.06.25-21.56.31:545][573]LogModuleManager: Shutting down and abandoning module SimplygonMeshReduction (167)
[2018.06.25-21.56.31:545][573]LogModuleManager: Shutting down and abandoning module QuadricMeshReduction (165)
[2018.06.25-21.56.31:545][573]LogModuleManager: Shutting down and abandoning module MaterialBaking (161)
[2018.06.25-21.56.31:546][573]LogModuleManager: Shutting down and abandoning module DirectoryWatcher (157)
[2018.06.25-21.56.31:549][573]LogModuleManager: Shutting down and abandoning module DerivedDataCache (154)
[2018.06.25-21.56.31:588][573]LogDerivedDataCache: Shutdown
[2018.06.25-21.56.31:588][573]LogModuleManager: Shutting down and abandoning module XGEController (152)
[2018.06.25-21.56.31:588][573]LogModuleManager: Shutting down and abandoning module TargetPlatform (150)
[2018.06.25-21.56.31:588][573]LogModuleManager: Shutting down and abandoning module VulkanShaderFormat (149)
[2018.06.25-21.56.31:588][573]LogModuleManager: Shutting down and abandoning module ShaderFormatVectorVM (147)
[2018.06.25-21.56.31:588][573]LogModuleManager: Shutting down and abandoning module ShaderFormatOpenGL (145)
[2018.06.25-21.56.31:588][573]LogModuleManager: Shutting down and abandoning module ShaderFormatD3D (143)
[2018.06.25-21.56.31:588][573]LogModuleManager: Shutting down and abandoning module MetalShaderFormat (141)
[2018.06.25-21.56.31:588][573]LogModuleManager: Shutting down and abandoning module TextureFormatUncompressed (139)
[2018.06.25-21.56.31:588][573]LogModuleManager: Shutting down and abandoning module TextureFormatPVR (137)
[2018.06.25-21.56.31:588][573]LogModuleManager: Shutting down and abandoning module TextureFormatDXT (135)
[2018.06.25-21.56.31:588][573]LogModuleManager: Shutting down and abandoning module TextureFormatIntelISPCTexComp (133)
[2018.06.25-21.56.31:588][573]LogModuleManager: Shutting down and abandoning module TextureFormatASTC (131)
[2018.06.25-21.56.31:588][573]LogModuleManager: Shutting down and abandoning module ImageWrapper (130)
[2018.06.25-21.56.31:589][573]LogModuleManager: Shutting down and abandoning module TextureFormatAndroid (127)
[2018.06.25-21.56.31:589][573]LogModuleManager: Shutting down and abandoning module AudioFormatOpus (125)
[2018.06.25-21.56.31:589][573]LogModuleManager: Shutting down and abandoning module AudioFormatOgg (123)
[2018.06.25-21.56.31:589][573]LogModuleManager: Shutting down and abandoning module AudioFormatADPCM (121)
[2018.06.25-21.56.31:589][573]LogModuleManager: Shutting down and abandoning module LinuxTargetPlatform (119)
[2018.06.25-21.56.31:589][573]LogModuleManager: Shutting down and abandoning module LinuxServerTargetPlatform (117)
[2018.06.25-21.56.31:589][573]LogModuleManager: Shutting down and abandoning module LinuxNoEditorTargetPlatform (115)
[2018.06.25-21.56.31:589][573]LogModuleManager: Shutting down and abandoning module LinuxClientTargetPlatform (113)
[2018.06.25-21.56.31:589][573]LogModuleManager: Shutting down and abandoning module TVOSTargetPlatform (111)
[2018.06.25-21.56.31:589][573]LogModuleManager: Shutting down and abandoning module Messaging (109)
[2018.06.25-21.56.31:589][573]LogModuleManager: Shutting down and abandoning module IOSTargetPlatform (107)
[2018.06.25-21.56.31:589][573]LogModuleManager: Shutting down and abandoning module HTML5TargetPlatform (105)
[2018.06.25-21.56.31:589][573]LogModuleManager: Shutting down and abandoning module AndroidTargetPlatform (103)
[2018.06.25-21.56.31:589][573]LogModuleManager: Shutting down and abandoning module Android_PVRTCTargetPlatform (101)
[2018.06.25-21.56.31:589][573]LogModuleManager: Shutting down and abandoning module Android_MultiTargetPlatform (99)
[2018.06.25-21.56.31:589][573]LogModuleManager: Shutting down and abandoning module Android_ETC2TargetPlatform (97)
[2018.06.25-21.56.31:589][573]LogModuleManager: Shutting down and abandoning module Android_ETC1TargetPlatform (95)
[2018.06.25-21.56.31:589][573]LogModuleManager: Shutting down and abandoning module Android_ETC1aTargetPlatform (93)
[2018.06.25-21.56.31:589][573]LogModuleManager: Shutting down and abandoning module Android_DXTTargetPlatform (91)
[2018.06.25-21.56.31:589][573]LogModuleManager: Shutting down and abandoning module Android_ATCTargetPlatform (89)
[2018.06.25-21.56.31:589][573]LogModuleManager: Shutting down and abandoning module Android_ASTCTargetPlatform (87)
[2018.06.25-21.56.31:589][573]LogModuleManager: Shutting down and abandoning module WindowsTargetPlatform (85)
[2018.06.25-21.56.31:589][573]LogModuleManager: Shutting down and abandoning module WindowsServerTargetPlatform (83)
[2018.06.25-21.56.31:589][573]LogModuleManager: Shutting down and abandoning module WindowsNoEditorTargetPlatform (81)
[2018.06.25-21.56.31:590][573]LogModuleManager: Shutting down and abandoning module WindowsClientTargetPlatform (79)
[2018.06.25-21.56.31:590][573]LogModuleManager: Shutting down and abandoning module MacTargetPlatform (77)
[2018.06.25-21.56.31:590][573]LogModuleManager: Shutting down and abandoning module MacServerTargetPlatform (75)
[2018.06.25-21.56.31:590][573]LogModuleManager: Shutting down and abandoning module MacNoEditorTargetPlatform (73)
[2018.06.25-21.56.31:590][573]LogModuleManager: Shutting down and abandoning module MacClientTargetPlatform (71)
[2018.06.25-21.56.31:590][573]LogModuleManager: Shutting down and abandoning module AllDesktopTargetPlatform (69)
[2018.06.25-21.56.31:590][573]LogModuleManager: Shutting down and abandoning module InputCore (66)
[2018.06.25-21.56.31:590][573]LogModuleManager: Shutting down and abandoning module Settings (64)
[2018.06.25-21.56.31:590][573]LogModuleManager: Shutting down and abandoning module PhysXCooking (62)
[2018.06.25-21.56.31:590][573]LogModuleManager: Shutting down and abandoning module SteamVR (60)
[2018.06.25-21.56.31:590][573]LogModuleManager: Shutting down and abandoning module OculusHMD (58)
[2018.06.25-21.56.31:590][573]LogModuleManager: Shutting down and abandoning module ExampleDeviceProfileSelector (56)
[2018.06.25-21.56.31:590][573]LogModuleManager: Shutting down and abandoning module AppleARKit (54)
[2018.06.25-21.56.31:590][573]LogModuleManager: Shutting down and abandoning module AugmentedReality (51)
[2018.06.25-21.56.31:590][573]LogModuleManager: Shutting down and abandoning module OnlineBlueprintSupport (48)
[2018.06.25-21.56.31:590][573]LogModuleManager: Shutting down and abandoning module OnlineSubsystem (44)
[2018.06.25-21.56.31:591][573]LogModuleManager: Shutting down and abandoning module XMPP (43)
[2018.06.25-21.56.31:591][573]LogModuleManager: Shutting down and abandoning module HTTP (41)
[2018.06.25-21.56.31:591][573]LogHttp: Display: Http module shutting down, but needs to wait on 1 outstanding Http requests:
[2018.06.25-21.56.31:591][573]LogHttp: Display: 	verb=[POST] url=[https://datarouter.ol.epicgames.com/datarouter/api/v1/public/data?SessionID=%7B144F30D3-4C28-C821-A5F4-DCA3446582F0%7D&AppID=UEEditor.Rocket.Release&AppVersion=4.19.2-4033788%2B%2B%2BUE4%2BRelease-4.19&UserID=d49284974d313dad03601eba4c48e929%7C920f814f16c6417b85c75c84be3c0fb4%7C2314e5ff-4925-472e-91e3-81625316559b&AppEnvironment=datacollector-binary&UploadType=eteventstream] status=Processing
[2018.06.25-21.56.31:605][573]LogModuleManager: Shutting down and abandoning module SSL (40)
[2018.06.25-21.56.31:607][573]LogModuleManager: Shutting down and abandoning module AnimationModifiers (36)
[2018.06.25-21.56.31:607][573]LogModuleManager: Shutting down and abandoning module PropertyEditor (35)
[2018.06.25-21.56.31:607][573]LogModuleManager: Shutting down and abandoning module AudioEditor (32)
[2018.06.25-21.56.31:607][573]LogModuleManager: Shutting down and abandoning module TextureCompressor (30)
[2018.06.25-21.56.31:607][573]LogModuleManager: Shutting down and abandoning module ShaderCore (28)
[2018.06.25-21.56.31:608][573]LogModuleManager: Shutting down and abandoning module Landscape (26)
[2018.06.25-21.56.31:608][573]LogModuleManager: Shutting down and abandoning module SlateRHIRenderer (24)
[2018.06.25-21.56.31:610][573]LogModuleManager: Shutting down and abandoning module OpenGLDrv (22)
[2018.06.25-21.56.31:610][573]LogModuleManager: Shutting down and abandoning module D3D11RHI (20)
[2018.06.25-21.56.31:610][573]LogModuleManager: Shutting down and abandoning module AnimGraphRuntime (18)
[2018.06.25-21.56.31:610][573]LogModuleManager: Shutting down and abandoning module Renderer (16)
[2018.06.25-21.56.31:610][573]LogModuleManager: Shutting down and abandoning module Engine (14)
[2018.06.25-21.56.31:610][573]LogModuleManager: Shutting down and abandoning module CoreUObject (12)
[2018.06.25-21.56.31:610][573]LogModuleManager: Shutting down and abandoning module NetworkFile (10)
[2018.06.25-21.56.31:610][573]LogModuleManager: Shutting down and abandoning module CookedIterativeFile (8)
[2018.06.25-21.56.31:610][573]LogModuleManager: Shutting down and abandoning module StreamingFile (6)
[2018.06.25-21.56.31:610][573]LogModuleManager: Shutting down and abandoning module SandboxFile (4)
[2018.06.25-21.56.31:610][573]LogModuleManager: Shutting down and abandoning module PakFile (2)
[2018.06.25-21.56.31:622][573]LogExit: Exiting.
[2018.06.25-21.56.31:651][573]Log file closed, 06/25/18 14:56:31
